Watching for file changes with StatReloader
Waiting for apps ready_event.
Apps ready_event triggered. Sending autoreload_started signal.
Watching dir C:\Users\KIIT\OneDrive\Desktop\DJANGO\myproject\templates with glob **/*.
Watching dir C:\Users\KIIT\OneDrive\Desktop\DJANGO\myproject\locale with glob **/*.mo.
Watching dir C:\Users\KIIT\OneDrive\Desktop\DJANGO\myproject\home\locale with glob **/*.mo.
Watching dir C:\Users\KIIT\OneDrive\Desktop\DJANGO\myproject\products\locale with glob **/*.mo.
File C:\Users\KIIT\anaconda3\Lib\site-packages\_cffi_backend.cp311-win_amd64.pyd first seen with mtime 1700254583.8090312
File C:\Users\KIIT\anaconda3\Lib\site-packages\sqlparse\filters\others.py first seen with mtime 1726758990.427093
File C:\Users\KIIT\anaconda3\Lib\site-packages\django\db\models\fields\generated.py first seen with mtime 1726758996.7685888
File C:\Users\KIIT\anaconda3\Lib\site-packages\django\db\models\sql\subqueries.py first seen with mtime 1726758996.7970152
File C:\Users\KIIT\anaconda3\Lib\site-packages\cryptography\hazmat\primitives\ciphers\__init__.py first seen with mtime 1702072972.882275
File C:\Users\KIIT\anaconda3\Lib\site-packages\django\contrib\admin\templatetags\base.py first seen with mtime 1726758992.3773966
File C:\Users\KIIT\anaconda3\Lib\site-packages\django\template\backends\base.py first seen with mtime 1726758996.9603984
File C:\Users\KIIT\anaconda3\Lib\site-packages\razorpay\resources\addon.py first seen with mtime 1727765952.2190905
File C:\Users\KIIT\anaconda3\Lib\site-packages\django\contrib\sites\__init__.py first seen with mtime 1726758996.0877922
File C:\Users\KIIT\anaconda3\Lib\site-packages\django\core\management\color.py first seen with mtime 1726758996.5728528
File C:\Users\KIIT\anaconda3\Lib\site-packages\cryptography\hazmat\_oid.py first seen with mtime 1702072972.8037832
File C:\Users\KIIT\anaconda3\Lib\argparse.py first seen with mtime 1701712589.0
File C:\Users\KIIT\anaconda3\Lib\site-packages\django\core\wsgi.py first seen with mtime 1726758996.4898
File C:\Users\KIIT\anaconda3\Lib\site-packages\cryptography\hazmat\bindings\openssl\__init__.py first seen with mtime 1702072972.8507824
File C:\Users\KIIT\anaconda3\Lib\site-packages\django\apps\config.py first seen with mtime 1726758990.7430944
File C:\Users\KIIT\anaconda3\Lib\site-packages\pytz\__init__.py first seen with mtime 1695132108.0
File C:\Users\KIIT\anaconda3\Lib\quopri.py first seen with mtime 1701712589.0
File C:\Users\KIIT\anaconda3\Lib\site-packages\chardet\sjisprober.py first seen with mtime 1676436166.0
File C:\Users\KIIT\anaconda3\Lib\re\_parser.py first seen with mtime 1701712589.0
File C:\Users\KIIT\anaconda3\Lib\asyncio\base_subprocess.py first seen with mtime 1701712589.0
File C:\Users\KIIT\anaconda3\Lib\site-packages\django\db\backends\base\creation.py first seen with mtime 1726758996.640946
File C:\Users\KIIT\anaconda3\Lib\site-packages\django\contrib\sessions\models.py first seen with mtime 1726758995.7606466
File C:\Users\KIIT\anaconda3\Lib\typing.py first seen with mtime 1701712589.0
File C:\Users\KIIT\anaconda3\Lib\site-packages\cryptography\x509\name.py first seen with mtime 1702072972.9071846
File C:\Users\KIIT\anaconda3\Lib\site-packages\django\views\generic\list.py first seen with mtime 1726758997.0888987
File C:\Users\KIIT\anaconda3\Lib\site-packages\django\core\checks\security\base.py first seen with mtime 1726758996.5197768
File C:\Users\KIIT\anaconda3\Lib\site-packages\django\contrib\admin\exceptions.py first seen with mtime 1726758991.4013894
File C:\Users\KIIT\anaconda3\Lib\site-packages\sqlparse\formatter.py first seen with mtime 1726758990.4056423
File C:\Users\KIIT\anaconda3\Lib\site-packages\django\contrib\admin\templatetags\admin_list.py first seen with mtime 1726758992.3716083
File C:\Users\KIIT\anaconda3\Lib\site-packages\cryptography\exceptions.py first seen with mtime 1702072972.7872648
File C:\Users\KIIT\anaconda3\Lib\re\_constants.py first seen with mtime 1701712589.0
File C:\Users\KIIT\anaconda3\Lib\site-packages\chardet\langgreekmodel.py first seen with mtime 1676436166.0
File C:\Users\KIIT\anaconda3\Lib\site-packages\django\db\models\enums.py first seen with mtime 1726758996.7474592
File C:\Users\KIIT\anaconda3\Lib\_compat_pickle.py first seen with mtime 1701712589.0
File C:\Users\KIIT\anaconda3\Lib\site-packages\django\utils\safestring.py first seen with mtime 1726758997.0465727
File C:\Users\KIIT\anaconda3\Lib\site-packages\django\contrib\admin\templatetags\log.py first seen with mtime 1726758992.3773966
File C:\Users\KIIT\anaconda3\Lib\importlib\abc.py first seen with mtime 1701712589.0
File C:\Users\KIIT\anaconda3\Lib\site-packages\django\db\migrations\__init__.py first seen with mtime 1726758996.713374
File C:\Users\KIIT\anaconda3\Lib\concurrent\futures\__init__.py first seen with mtime 1701712589.0
File C:\Users\KIIT\anaconda3\Lib\site-packages\razorpay\resources\plan.py first seen with mtime 1727765952.233484
File C:\Users\KIIT\anaconda3\Lib\asyncio\threads.py first seen with mtime 1701712589.0
File C:\Users\KIIT\anaconda3\Lib\site-packages\razorpay\resources\document.py first seen with mtime 1727765952.2274406
File C:\Users\KIIT\anaconda3\Lib\site-packages\urllib3\response.py first seen with mtime 1728135426.7964952
File C:\Users\KIIT\anaconda3\Lib\email\mime\text.py first seen with mtime 1701712589.0
File C:\Users\KIIT\anaconda3\Lib\site-packages\django\dispatch\dispatcher.py first seen with mtime 1726758996.8020384
File C:\Users\KIIT\anaconda3\Lib\site-packages\razorpay\resources\account.py first seen with mtime 1727765952.2190905
File C:\Users\KIIT\anaconda3\Lib\site-packages\django\contrib\admin\views\main.py first seen with mtime 1726758992.384905
File C:\Users\KIIT\anaconda3\Lib\site-packages\django\template\loaders\base.py first seen with mtime 1726758996.9704688
File C:\Users\KIIT\anaconda3\Lib\site-packages\django\core\checks\database.py first seen with mtime 1726758996.5098474
File C:\Users\KIIT\anaconda3\Lib\site-packages\django\views\generic\__init__.py first seen with mtime 1726758997.079729
File C:\Users\KIIT\anaconda3\Lib\site-packages\django\views\generic\dates.py first seen with mtime 1726758997.0857472
File C:\Users\KIIT\anaconda3\Lib\site-packages\asgiref\sync.py first seen with mtime 1726758990.5698564
File C:\Users\KIIT\anaconda3\Lib\html\parser.py first seen with mtime 1701712589.0
File C:\Users\KIIT\anaconda3\Lib\shlex.py first seen with mtime 1701712589.0
File C:\Users\KIIT\anaconda3\Lib\concurrent\futures\_base.py first seen with mtime 1701712589.0
File C:\Users\KIIT\anaconda3\Lib\gzip.py first seen with mtime 1701712589.0
File C:\Users\KIIT\anaconda3\Lib\site-packages\urllib3\util\util.py first seen with mtime 1728135426.8300495
File C:\Users\KIIT\anaconda3\Lib\site-packages\django\core\files\storage\handler.py first seen with mtime 1726758996.541677
File C:\Users\KIIT\OneDrive\Desktop\DJANGO\myproject\myproject\__init__.py first seen with mtime 1727295230.7176375
File C:\Users\KIIT\anaconda3\Lib\site-packages\django\utils\text.py first seen with mtime 1726758997.0465727
File C:\Users\KIIT\anaconda3\Lib\site-packages\django\db\models\manager.py first seen with mtime 1726758996.7572868
File C:\Users\KIIT\anaconda3\Lib\mimetypes.py first seen with mtime 1701712589.0
File C:\Users\KIIT\anaconda3\Lib\calendar.py first seen with mtime 1701712589.0
File C:\Users\KIIT\anaconda3\Lib\urllib\__init__.py first seen with mtime 1701712589.0
File C:\Users\KIIT\anaconda3\Lib\site-packages\razorpay\resources\settlement.py first seen with mtime 1727765952.2436175
File C:\Users\KIIT\anaconda3\Lib\site-packages\cryptography\hazmat\primitives\serialization\pkcs12.py first seen with mtime 1702072972.8828304
File C:\Users\KIIT\anaconda3\Lib\xml\parsers\expat.py first seen with mtime 1701712589.0
File C:\Users\KIIT\anaconda3\Lib\decimal.py first seen with mtime 1701712589.0
File C:\Users\KIIT\anaconda3\Lib\site-packages\google\oauth2\credentials.py first seen with mtime 1706241651.6781895
File C:\Users\KIIT\anaconda3\Lib\site-packages\django\core\checks\__init__.py first seen with mtime 1726758996.5077991
File C:\Users\KIIT\anaconda3\Lib\site-packages\razorpay\resources\product.py first seen with mtime 1727765952.233484
File C:\Users\KIIT\anaconda3\Lib\site-packages\django\contrib\sessions\base_session.py first seen with mtime 1726758995.7571661
File C:\Users\KIIT\OneDrive\Desktop\DJANGO\myproject\home\templatetags\__init__.py first seen with mtime 1727667106.3846867
File C:\Users\KIIT\anaconda3\Lib\site-packages\django\views\decorators\debug.py first seen with mtime 1726758997.0775733
File C:\Users\KIIT\anaconda3\Lib\site-packages\chardet\codingstatemachine.py first seen with mtime 1676436166.0
File C:\Users\KIIT\anaconda3\Lib\email\headerregistry.py first seen with mtime 1701712589.0
File C:\Users\KIIT\anaconda3\Lib\email\iterators.py first seen with mtime 1701712589.0
File C:\Users\KIIT\anaconda3\Lib\site-packages\django\http\multipartparser.py first seen with mtime 1726758996.9264445
File C:\Users\KIIT\anaconda3\Lib\site-packages\cryptography\hazmat\primitives\_asymmetric.py first seen with mtime 1702072972.8507824
File C:\Users\KIIT\anaconda3\Lib\site-packages\requests\packages.py first seen with mtime 1690400596.0
File C:\Users\KIIT\anaconda3\Lib\site-packages\cryptography\hazmat\primitives\asymmetric\padding.py first seen with mtime 1702072972.8664348
File C:\Users\KIIT\anaconda3\Lib\site-packages\chardet\euckrprober.py first seen with mtime 1676436166.0
File C:\Users\KIIT\anaconda3\Lib\site-packages\django\contrib\messages\apps.py first seen with mtime 1726758995.1426857
File C:\Users\KIIT\anaconda3\Lib\site-packages\django\db\backends\ddl_references.py first seen with mtime 1726758996.6332467
File C:\Users\KIIT\anaconda3\Lib\site-packages\django\contrib\staticfiles\views.py first seen with mtime 1726758996.4716005
File C:\Users\KIIT\anaconda3\Lib\site-packages\django\template\library.py first seen with mtime 1726758996.9464252
File C:\Users\KIIT\anaconda3\Lib\site-packages\django\forms\fields.py first seen with mtime 1726758996.8076527
File C:\Users\KIIT\anaconda3\Lib\site-packages\django\db\backends\utils.py first seen with mtime 1726758996.6332467
File C:\Users\KIIT\anaconda3\Lib\site-packages\pkg_resources\_vendor\packaging\_elffile.py first seen with mtime 1687189957.0
File C:\Users\KIIT\anaconda3\Lib\site-packages\django\db\models\options.py first seen with mtime 1726758996.7572868
File C:\Users\KIIT\anaconda3\Lib\site-packages\django\utils\module_loading.py first seen with mtime 1726758997.0399158
File C:\Users\KIIT\anaconda3\Lib\site-packages\sqlparse\filters\aligned_indent.py first seen with mtime 1726758990.4255672
File C:\Users\KIIT\anaconda3\Lib\site-packages\requests\status_codes.py first seen with mtime 1690400596.0
File C:\Users\KIIT\OneDrive\Desktop\DJANGO\myproject\home\forms.py first seen with mtime 1727756543.7075298
File C:\Users\KIIT\anaconda3\Lib\site-packages\django\db\migrations\operations\fields.py first seen with mtime 1726758996.737376
File C:\Users\KIIT\anaconda3\Lib\site-packages\decouple.py first seen with mtime 1728135974.303925
File C:\Users\KIIT\AppData\Roaming\Python\Python311\site-packages\colorama\ansi.py first seen with mtime 1706013962.911904
File C:\Users\KIIT\anaconda3\Lib\site-packages\django\core\mail\utils.py first seen with mtime 1726758996.5577278
File C:\Users\KIIT\anaconda3\Lib\importlib\_abc.py first seen with mtime 1701712589.0
File C:\Users\KIIT\anaconda3\Lib\site-packages\razorpay\resources\payment_link.py first seen with mtime 1727765952.233484
File C:\Users\KIIT\anaconda3\Lib\site-packages\django\core\checks\caches.py first seen with mtime 1726758996.5098474
File C:\Users\KIIT\anaconda3\Lib\site-packages\cryptography\hazmat\backends\__init__.py first seen with mtime 1702072972.8037832
File C:\Users\KIIT\anaconda3\Lib\site-packages\django\core\serializers\__init__.py first seen with mtime 1726758996.6064544
File C:\Users\KIIT\anaconda3\Lib\site-packages\defusedxml\__init__.py first seen with mtime 1615228157.0
File C:\Users\KIIT\anaconda3\Lib\site-packages\django\urls\__init__.py first seen with mtime 1726758996.9971654
File C:\Users\KIIT\anaconda3\Lib\site-packages\firebase_admin\__about__.py first seen with mtime 1728135431.4185276
File C:\Users\KIIT\anaconda3\Lib\secrets.py first seen with mtime 1701712589.0
File C:\Users\KIIT\anaconda3\Lib\site-packages\razorpay\resources\token.py first seen with mtime 1727765952.2454245
File C:\Users\KIIT\anaconda3\Lib\logging\config.py first seen with mtime 1701712589.0
File C:\Users\KIIT\anaconda3\Lib\site-packages\django\core\files\temp.py first seen with mtime 1726758996.5274994
File C:\Users\KIIT\anaconda3\Lib\site-packages\django\utils\html.py first seen with mtime 1726758997.0339305
File C:\Users\KIIT\anaconda3\Lib\site-packages\sqlparse\engine\__init__.py first seen with mtime 1726758990.4176438
File C:\Users\KIIT\OneDrive\Desktop\DJANGO\myproject\home\views.py first seen with mtime 1728015162.388303
File C:\Users\KIIT\anaconda3\Lib\site-packages\charset_normalizer\api.py first seen with mtime 1630003258.0
File C:\Users\KIIT\anaconda3\Lib\site-packages\django\contrib\staticfiles\__init__.py first seen with mtime 1726758996.4615138
File C:\Users\KIIT\anaconda3\Lib\site-packages\django\db\models\fields\related_descriptors.py first seen with mtime 1726758996.775203
File C:\Users\KIIT\anaconda3\Lib\site-packages\google\auth\crypt\_cryptography_rsa.py first seen with mtime 1706241651.660302
File C:\Users\KIIT\anaconda3\Lib\zoneinfo\_tzpath.py first seen with mtime 1701712589.0
File C:\Users\KIIT\anaconda3\Lib\site-packages\django\core\checks\compatibility\django_4_0.py first seen with mtime 1726758996.5197768
File C:\Users\KIIT\anaconda3\Lib\site-packages\django\db\migrations\operations\__init__.py first seen with mtime 1726758996.73145
File C:\Users\KIIT\anaconda3\Lib\http\client.py first seen with mtime 1701712589.0
File C:\Users\KIIT\AppData\Roaming\Python\Python311\site-packages\colorama\win32.py first seen with mtime 1706013962.915711
File C:\Users\KIIT\anaconda3\Lib\concurrent\__init__.py first seen with mtime 1701712589.0
File C:\Users\KIIT\anaconda3\Lib\site-packages\django\template\loader.py first seen with mtime 1726758996.9568639
File C:\Users\KIIT\anaconda3\Lib\site-packages\django\views\decorators\common.py first seen with mtime 1726758997.0765555
File C:\Users\KIIT\anaconda3\Lib\site-packages\razorpay\resources\base.py first seen with mtime 1727765952.2190905
File C:\Users\KIIT\anaconda3\Lib\site-packages\django\core\checks\security\sessions.py first seen with mtime 1726758996.524386
File C:\Users\KIIT\anaconda3\Lib\site-packages\_brotli.cp311-win_amd64.pyd first seen with mtime 1676436030.0
File C:\Users\KIIT\anaconda3\Lib\platform.py first seen with mtime 1702663456.1649039
File C:\Users\KIIT\anaconda3\Lib\site-packages\django\views\generic\detail.py first seen with mtime 1726758997.0867734
File C:\Users\KIIT\anaconda3\Lib\site-packages\razorpay\resources\refund.py first seen with mtime 1727765952.241001
File C:\Users\KIIT\anaconda3\Lib\site-packages\cryptography\hazmat\primitives\ciphers\base.py first seen with mtime 1702072972.8828304
File C:\Users\KIIT\anaconda3\Lib\http\__init__.py first seen with mtime 1701712589.0
File C:\Users\KIIT\anaconda3\Lib\site-packages\cryptography\x509\__init__.py first seen with mtime 1702072972.8985698
File C:\Users\KIIT\OneDrive\Desktop\DJANGO\myproject\myproject\urls.py first seen with mtime 1728012319.363667
File C:\Users\KIIT\anaconda3\Lib\site-packages\idna\intranges.py first seen with mtime 1728135430.064369
File C:\Users\KIIT\anaconda3\Lib\asyncio\windows_utils.py first seen with mtime 1701712589.0
File C:\Users\KIIT\anaconda3\Lib\ctypes\_endian.py first seen with mtime 1701712589.0
File C:\Users\KIIT\anaconda3\Lib\site-packages\dj_database_url\__init__.py first seen with mtime 1728027498.143589
File C:\Users\KIIT\anaconda3\Lib\site-packages\requests\models.py first seen with mtime 1690400596.0
File C:\Users\KIIT\anaconda3\Lib\site-packages\PIL\TiffTags.py first seen with mtime 1696580339.5016587
File C:\Users\KIIT\anaconda3\Lib\site-packages\django\core\checks\urls.py first seen with mtime 1726758996.5197768
File C:\Users\KIIT\anaconda3\Lib\site-packages\django\template\loaders\filesystem.py first seen with mtime 1726758996.9759681
File C:\Users\KIIT\anaconda3\Lib\site-packages\django\db\models\functions\text.py first seen with mtime 1726758996.7872076
File C:\Users\KIIT\OneDrive\Desktop\DJANGO\myproject\products\__init__.py first seen with mtime 1727680101.516306
File C:\Users\KIIT\anaconda3\Lib\hashlib.py first seen with mtime 1701712589.0
File C:\Users\KIIT\anaconda3\Lib\site-packages\google\auth\crypt\__init__.py first seen with mtime 1706241651.660302
File C:\Users\KIIT\anaconda3\Lib\encodings\utf_8.py first seen with mtime 1701712589.0
File C:\Users\KIIT\anaconda3\Lib\site-packages\django\utils\translation\trans_real.py first seen with mtime 1726758997.0606186
File C:\Users\KIIT\anaconda3\Lib\site-packages\django\db\models\base.py first seen with mtime 1726758996.7398565
File C:\Users\KIIT\anaconda3\Lib\site-packages\django\db\models\signals.py first seen with mtime 1726758996.7639878
File C:\Users\KIIT\anaconda3\Lib\dis.py first seen with mtime 1701712589.0
File C:\Users\KIIT\anaconda3\Lib\re\__init__.py first seen with mtime 1701712589.0
File C:\Users\KIIT\anaconda3\Lib\site-packages\django\core\cache\backends\filebased.py first seen with mtime 1726758996.5036669
File C:\Users\KIIT\anaconda3\Lib\site-packages\django\db\backends\postgresql\schema.py first seen with mtime 1726758996.6975956
File C:\Users\KIIT\anaconda3\Lib\site-packages\django\template\defaultfilters.py first seen with mtime 1726758996.9464252
File C:\Users\KIIT\anaconda3\Lib\site-packages\django\utils\termcolors.py first seen with mtime 1726758997.0465727
File C:\Users\KIIT\anaconda3\Lib\site-packages\django\db\backends\postgresql\features.py first seen with mtime 1726758996.6925166
File C:\Users\KIIT\anaconda3\Lib\site-packages\google\auth\transport\requests.py first seen with mtime 1706241651.6720984
File C:\Users\KIIT\anaconda3\Lib\site-packages\django\shortcuts.py first seen with mtime 1726758990.7430944
File C:\Users\KIIT\anaconda3\Lib\ssl.py first seen with mtime 1701712589.0
File C:\Users\KIIT\anaconda3\Lib\site-packages\django\core\checks\messages.py first seen with mtime 1726758996.5098474
File C:\Users\KIIT\anaconda3\Lib\site-packages\razorpay\constants\http_status_code.py first seen with mtime 1727765952.2131908
File C:\Users\KIIT\anaconda3\Lib\getpass.py first seen with mtime 1701712589.0
File C:\Users\KIIT\anaconda3\Lib\site-packages\django\apps\__init__.py first seen with mtime 1726758990.7430944
File C:\Users\KIIT\anaconda3\Lib\site-packages\django\db\models\fields\related_lookups.py first seen with mtime 1726758996.77672
File C:\Users\KIIT\anaconda3\Lib\site-packages\sqlparse\filters\reindent.py first seen with mtime 1726758990.4293358
File C:\Users\KIIT\anaconda3\Lib\site-packages\psycopg2\_ipaddress.py first seen with mtime 1728136737.6141539
File C:\Users\KIIT\anaconda3\Lib\site-packages\django\utils\ipv6.py first seen with mtime 1726758997.0373147
File C:\Users\KIIT\anaconda3\Lib\site-packages\django\contrib\admin\templatetags\admin_urls.py first seen with mtime 1726758992.3716083
File C:\Users\KIIT\anaconda3\Lib\site-packages\django\contrib\contenttypes\forms.py first seen with mtime 1726758993.309864
File C:\Users\KIIT\anaconda3\Lib\site-packages\django\contrib\staticfiles\apps.py first seen with mtime 1726758996.4641895
File C:\Users\KIIT\anaconda3\Lib\csv.py first seen with mtime 1701712589.0
File C:\Users\KIIT\anaconda3\Lib\site-packages\requests\sessions.py first seen with mtime 1690400596.0
File C:\Users\KIIT\anaconda3\DLLs\_overlapped.pyd first seen with mtime 1702663618.025845
File C:\Users\KIIT\anaconda3\DLLs\_decimal.pyd first seen with mtime 1702663617.4834852
File C:\Users\KIIT\anaconda3\Lib\site-packages\cachetools\keys.py first seen with mtime 1705896673.2842
File C:\Users\KIIT\anaconda3\Lib\site-packages\django\core\handlers\exception.py first seen with mtime 1726758996.550655
File C:\Users\KIIT\anaconda3\Lib\importlib\metadata\_text.py first seen with mtime 1701712589.0
File C:\Users\KIIT\anaconda3\Lib\site-packages\urllib3\http2\__init__.py first seen with mtime 1728135426.81836
File C:\Users\KIIT\anaconda3\Lib\site-packages\django\core\signals.py first seen with mtime 1726758996.4898
File C:\Users\KIIT\anaconda3\Lib\encodings\aliases.py first seen with mtime 1701712589.0
File C:\Users\KIIT\anaconda3\Lib\importlib\readers.py first seen with mtime 1701712589.0
File C:\Users\KIIT\anaconda3\Lib\site-packages\requests\exceptions.py first seen with mtime 1690400596.0
File C:\Users\KIIT\anaconda3\Lib\site-packages\django\contrib\messages\constants.py first seen with mtime 1726758995.143847
File C:\Users\KIIT\anaconda3\Lib\site-packages\google\auth\_service_account_info.py first seen with mtime 1706241651.6411467
File C:\Users\KIIT\anaconda3\Lib\site-packages\chardet\enums.py first seen with mtime 1676436166.0
File C:\Users\KIIT\anaconda3\Lib\importlib\metadata\_adapters.py first seen with mtime 1701712589.0
File C:\Users\KIIT\anaconda3\Lib\site-packages\django\contrib\contenttypes\views.py first seen with mtime 1726758993.309864
File C:\Users\KIIT\anaconda3\Lib\site-packages\django\db\transaction.py first seen with mtime 1726758996.6265383
File C:\Users\KIIT\anaconda3\Lib\site-packages\pkg_resources\_vendor\packaging\_structures.py first seen with mtime 1687189957.0
File C:\Users\KIIT\anaconda3\Lib\socket.py first seen with mtime 1701712589.0
File C:\Users\KIIT\anaconda3\Lib\site-packages\django\contrib\auth\hashers.py first seen with mtime 1726758992.7817729
File C:\Users\KIIT\anaconda3\Lib\email\charset.py first seen with mtime 1701712589.0
File C:\Users\KIIT\anaconda3\Lib\site-packages\django\contrib\admin\widgets.py first seen with mtime 1726758991.4147954
File C:\Users\KIIT\anaconda3\Lib\site-packages\django\utils\choices.py first seen with mtime 1726758997.0172217
File C:\Users\KIIT\OneDrive\Desktop\DJANGO\myproject\myproject\settings.py first seen with mtime 1728364184.2531862
File C:\Users\KIIT\anaconda3\Lib\site-packages\django\utils\lorem_ipsum.py first seen with mtime 1726758997.0399158
File C:\Users\KIIT\OneDrive\Desktop\DJANGO\myproject\home\apps.py first seen with mtime 1727295408.38828
File C:\Users\KIIT\anaconda3\Lib\site-packages\sqlparse\sql.py first seen with mtime 1726758990.4111552
File C:\Users\KIIT\anaconda3\Lib\site-packages\chardet\langrussianmodel.py first seen with mtime 1676436166.0
File C:\Users\KIIT\anaconda3\Lib\site-packages\django\db\backends\postgresql\introspection.py first seen with mtime 1726758996.6925166
File C:\Users\KIIT\anaconda3\Lib\site-packages\django\template\autoreload.py first seen with mtime 1726758996.9443
File C:\Users\KIIT\anaconda3\Lib\tokenize.py first seen with mtime 1701712589.0
File C:\Users\KIIT\anaconda3\Lib\site-packages\razorpay\utility\__init__.py first seen with mtime 1727765952.252598
File C:\Users\KIIT\anaconda3\Lib\site-packages\django\db\models\deletion.py first seen with mtime 1726758996.7474592
File C:\Users\KIIT\anaconda3\Lib\site-packages\pkg_resources\_vendor\platformdirs\api.py first seen with mtime 1687189957.0
File C:\Users\KIIT\anaconda3\Lib\site-packages\django\template\base.py first seen with mtime 1726758996.9464252
File C:\Users\KIIT\anaconda3\Lib\wsgiref\headers.py first seen with mtime 1701712589.0
File C:\Users\KIIT\anaconda3\Lib\site-packages\google\auth\transport\__init__.py first seen with mtime 1706241651.666601
File C:\Users\KIIT\anaconda3\Lib\pprint.py first seen with mtime 1701712589.0
File C:\Users\KIIT\anaconda3\Lib\site-packages\django\utils\crypto.py first seen with mtime 1726758997.0192826
File C:\Users\KIIT\anaconda3\Lib\site-packages\django\utils\dateparse.py first seen with mtime 1726758997.0239606
File C:\Users\KIIT\anaconda3\Lib\site-packages\cryptography\hazmat\backends\openssl\ciphers.py first seen with mtime 1702072972.8037832
File C:\Users\KIIT\anaconda3\Lib\site-packages\charset_normalizer\constant.py first seen with mtime 1630003258.0
File C:\Users\KIIT\anaconda3\Lib\site-packages\django\contrib\admin\templatetags\admin_modify.py first seen with mtime 1726758992.3716083
File C:\Users\KIIT\anaconda3\Lib\site-packages\django\core\handlers\__init__.py first seen with mtime 1726758996.5475996
File C:\Users\KIIT\anaconda3\Lib\site-packages\django\db\models\indexes.py first seen with mtime 1726758996.7557144
File C:\Users\KIIT\anaconda3\Lib\site-packages\django\core\files\base.py first seen with mtime 1726758996.5274994
File C:\Users\KIIT\anaconda3\Lib\site-packages\cryptography\x509\general_name.py first seen with mtime 1702072972.9071846
File C:\Users\KIIT\anaconda3\Lib\site-packages\zstandard\backend_c.cp311-win_amd64.pyd first seen with mtime 1679013596.0
File C:\Users\KIIT\anaconda3\Lib\site-packages\pkg_resources\_vendor\packaging\specifiers.py first seen with mtime 1687189957.0
File C:\Users\KIIT\anaconda3\Lib\site-packages\django\core\serializers\python.py first seen with mtime 1726758996.6177819
File C:\Users\KIIT\anaconda3\Lib\pkgutil.py first seen with mtime 1701712589.0
File C:\Users\KIIT\anaconda3\Lib\site-packages\cryptography\hazmat\backends\openssl\rsa.py first seen with mtime 1702072972.8037832
File C:\Users\KIIT\anaconda3\Lib\site-packages\cryptography\hazmat\bindings\openssl\_conditional.py first seen with mtime 1702072972.8507824
File C:\Users\KIIT\anaconda3\Lib\site-packages\charset_normalizer\version.py first seen with mtime 1630003258.0
File C:\Users\KIIT\anaconda3\Lib\asyncio\streams.py first seen with mtime 1701712589.0
File C:\Users\KIIT\anaconda3\Lib\asyncio\coroutines.py first seen with mtime 1701712589.0
File C:\Users\KIIT\anaconda3\Lib\site-packages\django\db\models\functions\window.py first seen with mtime 1726758996.788353
File C:\Users\KIIT\anaconda3\DLLs\_socket.pyd first seen with mtime 1702663624.8604834
File C:\Users\KIIT\anaconda3\Lib\site-packages\django\contrib\staticfiles\management\__init__.py first seen with mtime 1726758996.4766393
File C:\Users\KIIT\anaconda3\Lib\site-packages\django\db\models\fields\proxy.py first seen with mtime 1726758996.7716825
File C:\Users\KIIT\anaconda3\Lib\site-packages\django\utils\functional.py first seen with mtime 1726758997.027967
File C:\Users\KIIT\anaconda3\Lib\site-packages\django\db\backends\postgresql\client.py first seen with mtime 1726758996.6909022
File C:\Users\KIIT\anaconda3\Lib\site-packages\cryptography\hazmat\primitives\serialization\base.py first seen with mtime 1702072972.8828304
File C:\Users\KIIT\anaconda3\Lib\site-packages\psycopg2\_json.py first seen with mtime 1728136737.629242
File C:\Users\KIIT\anaconda3\Lib\site-packages\requests\__version__.py first seen with mtime 1690400596.0
File C:\Users\KIIT\anaconda3\Lib\copy.py first seen with mtime 1701712589.0
File C:\Users\KIIT\anaconda3\Lib\site-packages\django\contrib\admin\utils.py first seen with mtime 1726758991.4083152
File C:\Users\KIIT\anaconda3\Lib\site-packages\pytz\lazy.py first seen with mtime 1695132108.0
File C:\Users\KIIT\anaconda3\Lib\datetime.py first seen with mtime 1701712589.0
File C:\Users\KIIT\anaconda3\Lib\site-packages\cryptography\utils.py first seen with mtime 1702072972.803014
File C:\Users\KIIT\anaconda3\Lib\reprlib.py first seen with mtime 1701712589.0
File C:\Users\KIIT\anaconda3\Lib\site-packages\django\db\models\functions\math.py first seen with mtime 1726758996.7856286
File C:\Users\KIIT\anaconda3\Lib\site-packages\django\db\backends\__init__.py first seen with mtime 1726758996.6294663
File C:\Users\KIIT\anaconda3\Lib\site-packages\django\db\migrations\operations\base.py first seen with mtime 1726758996.737376
File C:\Users\KIIT\anaconda3\Lib\site-packages\django\template\utils.py first seen with mtime 1726758996.9603984
File C:\Users\KIIT\anaconda3\Lib\site-packages\django\db\backends\postgresql\__init__.py first seen with mtime 1726758996.6875162
File C:\Users\KIIT\anaconda3\Lib\site-packages\urllib3\util\timeout.py first seen with mtime 1728135426.8300495
File C:\Users\KIIT\anaconda3\Lib\site-packages\chardet\mbcsgroupprober.py first seen with mtime 1676436166.0
File C:\Users\KIIT\anaconda3\Lib\site-packages\django\core\mail\__init__.py first seen with mtime 1726758996.550655
File C:\Users\KIIT\anaconda3\Lib\site-packages\django\contrib\auth\forms.py first seen with mtime 1726758992.7743692
File C:\Users\KIIT\anaconda3\Lib\asyncio\sslproto.py first seen with mtime 1701712589.0
File C:\Users\KIIT\anaconda3\Lib\asyncio\mixins.py first seen with mtime 1701712589.0
File C:\Users\KIIT\anaconda3\DLLs\_lzma.pyd first seen with mtime 1702663622.3650942
File C:\Users\KIIT\anaconda3\Lib\site-packages\chardet\euctwprober.py first seen with mtime 1676436166.0
File C:\Users\KIIT\anaconda3\Lib\subprocess.py first seen with mtime 1701712589.0
File C:\Users\KIIT\anaconda3\Lib\site-packages\django\db\models\constraints.py first seen with mtime 1726758996.7474592
File C:\Users\KIIT\anaconda3\Lib\site-packages\django\db\models\aggregates.py first seen with mtime 1726758996.7398565
File C:\Users\KIIT\anaconda3\Lib\site-packages\cryptography\hazmat\primitives\asymmetric\ec.py first seen with mtime 1702072972.8664348
File C:\Users\KIIT\anaconda3\Lib\site-packages\django\views\__init__.py first seen with mtime 1726758997.0606186
File C:\Users\KIIT\anaconda3\Lib\site-packages\brotli.py first seen with mtime 1676436030.0
File C:\Users\KIIT\anaconda3\Lib\site-packages\google\auth\crypt\base.py first seen with mtime 1706241651.660302
File C:\Users\KIIT\anaconda3\Lib\site-packages\django\contrib\contenttypes\apps.py first seen with mtime 1726758993.3083904
File C:\Users\KIIT\AppData\Roaming\Python\Python311\site-packages\colorama\__init__.py first seen with mtime 1706013962.911904
File C:\Users\KIIT\anaconda3\Lib\site-packages\django\db\migrations\state.py first seen with mtime 1726758996.73145
File C:\Users\KIIT\anaconda3\Lib\site-packages\razorpay\resources\fund_account.py first seen with mtime 1727765952.2291453
File C:\Users\KIIT\anaconda3\Lib\site-packages\razorpay\resources\payment.py first seen with mtime 1727765952.233484
File C:\Users\KIIT\anaconda3\Lib\site-packages\socks.py first seen with mtime 1676426017.0
File C:\Users\KIIT\anaconda3\Lib\asyncio\trsock.py first seen with mtime 1701712589.0
File C:\Users\KIIT\anaconda3\Lib\xml\etree\__init__.py first seen with mtime 1701712589.0
File C:\Users\KIIT\anaconda3\Lib\site-packages\chardet\utf8prober.py first seen with mtime 1676436166.0
File C:\Users\KIIT\anaconda3\Lib\site-packages\django\contrib\admin\sites.py first seen with mtime 1726758991.4083152
File C:\Users\KIIT\anaconda3\Lib\site-packages\django\db\models\lookups.py first seen with mtime 1726758996.7572868
File C:\Users\KIIT\anaconda3\Lib\urllib\error.py first seen with mtime 1701712589.0
File C:\Users\KIIT\anaconda3\Lib\email\feedparser.py first seen with mtime 1701712589.0
File C:\Users\KIIT\anaconda3\Lib\importlib\resources\_adapters.py first seen with mtime 1701712589.0
File C:\Users\KIIT\anaconda3\Lib\site-packages\chardet\gb2312prober.py first seen with mtime 1676436166.0
File C:\Users\KIIT\anaconda3\Lib\site-packages\chardet\hebrewprober.py first seen with mtime 1676436166.0
File C:\Users\KIIT\anaconda3\Lib\site-packages\django\views\decorators\cache.py first seen with mtime 1726758997.0735192
File C:\Users\KIIT\anaconda3\Lib\site-packages\google\auth\jwt.py first seen with mtime 1706241651.6478765
File C:\Users\KIIT\anaconda3\Lib\site-packages\django\core\exceptions.py first seen with mtime 1726758996.4898
File C:\Users\KIIT\anaconda3\Lib\site-packages\urllib3\util\response.py first seen with mtime 1728135426.8264427
File C:\Users\KIIT\anaconda3\Lib\site-packages\cryptography\hazmat\bindings\__init__.py first seen with mtime 1702072972.8037832
File C:\Users\KIIT\anaconda3\Lib\http\cookies.py first seen with mtime 1701712589.0
File C:\Users\KIIT\anaconda3\Lib\site-packages\requests\auth.py first seen with mtime 1690400596.0
File C:\Users\KIIT\anaconda3\Lib\site-packages\django\forms\models.py first seen with mtime 1726758996.8076527
File C:\Users\KIIT\anaconda3\Lib\site-packages\charset_normalizer\cd.py first seen with mtime 1630003258.0
File C:\Users\KIIT\anaconda3\Lib\site-packages\cryptography\hazmat\backends\openssl\backend.py first seen with mtime 1702072972.8037832
File C:\Users\KIIT\anaconda3\Lib\site-packages\sqlparse\exceptions.py first seen with mtime 1726758990.4056423
File C:\Users\KIIT\anaconda3\Lib\xml\__init__.py first seen with mtime 1701712589.0
File C:\Users\KIIT\anaconda3\Lib\site-packages\django\utils\asyncio.py first seen with mtime 1726758997.009065
File C:\Users\KIIT\anaconda3\Lib\importlib\resources\_itertools.py first seen with mtime 1701712589.0
File C:\Users\KIIT\anaconda3\Lib\site-packages\sqlparse\cli.py first seen with mtime 1726758990.4056423
File C:\Users\KIIT\anaconda3\Lib\site-packages\django\db\migrations\operations\models.py first seen with mtime 1726758996.7398565
File C:\Users\KIIT\anaconda3\Lib\site-packages\pytz\tzfile.py first seen with mtime 1695132108.0
File C:\Users\KIIT\anaconda3\Lib\queue.py first seen with mtime 1701712589.0
File C:\Users\KIIT\anaconda3\Lib\site-packages\django\core\files\uploadedfile.py first seen with mtime 1726758996.534544
File C:\Users\KIIT\anaconda3\Lib\site-packages\django\contrib\staticfiles\checks.py first seen with mtime 1726758996.4641895
File C:\Users\KIIT\anaconda3\DLLs\_hashlib.pyd first seen with mtime 1702663625.5525565
File C:\Users\KIIT\anaconda3\Lib\site-packages\django\templatetags\i18n.py first seen with mtime 1726758996.9798107
File C:\Users\KIIT\anaconda3\Lib\site-packages\PIL\_version.py first seen with mtime 1696580339.5264864
File C:\Users\KIIT\anaconda3\Lib\wsgiref\__init__.py first seen with mtime 1701712589.0
File C:\Users\KIIT\anaconda3\Lib\site-packages\django\db\models\fields\files.py first seen with mtime 1726758996.767541
File C:\Users\KIIT\anaconda3\Lib\site-packages\django\contrib\messages\__init__.py first seen with mtime 1726758995.139621
File C:\Users\KIIT\anaconda3\Lib\lzma.py first seen with mtime 1701712589.0
File C:\Users\KIIT\anaconda3\Lib\site-packages\cryptography\hazmat\bindings\openssl\binding.py first seen with mtime 1702072972.8507824
File C:\Users\KIIT\anaconda3\Lib\site-packages\django\middleware\__init__.py first seen with mtime 1726758996.9298794
File C:\Users\KIIT\anaconda3\Lib\site-packages\razorpay\constants\__init__.py first seen with mtime 1727765952.212068
File C:\Users\KIIT\anaconda3\Lib\site-packages\django\template\exceptions.py first seen with mtime 1726758996.9464252
File C:\Users\KIIT\anaconda3\Lib\site-packages\django\template\response.py first seen with mtime 1726758996.9593904
File C:\Users\KIIT\anaconda3\Lib\site-packages\google\auth\_exponential_backoff.py first seen with mtime 1706241651.6278114
File C:\Users\KIIT\anaconda3\Lib\glob.py first seen with mtime 1701712589.0
File C:\Users\KIIT\anaconda3\Lib\site-packages\_distutils_hack\__init__.py first seen with mtime 1687189957.0
File C:\Users\KIIT\anaconda3\Lib\email\mime\multipart.py first seen with mtime 1701712589.0
File C:\Users\KIIT\anaconda3\Lib\difflib.py first seen with mtime 1701712589.0
File C:\Users\KIIT\anaconda3\Lib\site-packages\pkg_resources\_vendor\platformdirs\version.py first seen with mtime 1687189957.0
File C:\Users\KIIT\anaconda3\Lib\site-packages\django\contrib\staticfiles\handlers.py first seen with mtime 1726758996.468106
File C:\Users\KIIT\anaconda3\Lib\site-packages\razorpay\resources\invoice.py first seen with mtime 1727765952.2291453
File C:\Users\KIIT\anaconda3\Lib\base64.py first seen with mtime 1701712589.0
File C:\Users\KIIT\OneDrive\Desktop\DJANGO\myproject\products\models.py first seen with mtime 1727693924.865965
File C:\Users\KIIT\anaconda3\Lib\site-packages\PIL\ExifTags.py first seen with mtime 1696580339.423731
File C:\Users\KIIT\anaconda3\Lib\site-packages\urllib3\util\url.py first seen with mtime 1728135426.8300495
File C:\Users\KIIT\anaconda3\Lib\encodings\cp1252.py first seen with mtime 1701712589.0
File C:\Users\KIIT\anaconda3\Lib\asyncio\tasks.py first seen with mtime 1701712589.0
File C:\Users\KIIT\anaconda3\Lib\email\utils.py first seen with mtime 1701712589.0
File C:\Users\KIIT\anaconda3\Lib\site-packages\cryptography\hazmat\primitives\_serialization.py first seen with mtime 1702072972.8507824
File C:\Users\KIIT\anaconda3\Lib\site-packages\charset_normalizer\utils.py first seen with mtime 1630003258.0
File C:\Users\KIIT\anaconda3\Lib\site-packages\django\contrib\admin\actions.py first seen with mtime 1726758991.3957205
File C:\Users\KIIT\anaconda3\Lib\site-packages\django\contrib\admin\helpers.py first seen with mtime 1726758991.405657
File C:\Users\KIIT\anaconda3\Lib\weakref.py first seen with mtime 1701712589.0
File C:\Users\KIIT\anaconda3\Lib\asyncio\__init__.py first seen with mtime 1701712589.0
File C:\Users\KIIT\anaconda3\Lib\email\mime\__init__.py first seen with mtime 1701712589.0
File C:\Users\KIIT\anaconda3\Lib\keyword.py first seen with mtime 1701712589.0
File C:\Users\KIIT\anaconda3\Lib\asyncio\selector_events.py first seen with mtime 1701712589.0
File C:\Users\KIIT\anaconda3\Lib\site-packages\chardet\mbcharsetprober.py first seen with mtime 1676436166.0
File C:\Users\KIIT\anaconda3\Lib\socketserver.py first seen with mtime 1701712589.0
File C:\Users\KIIT\anaconda3\Lib\site-packages\django\contrib\staticfiles\management\commands\__init__.py first seen with mtime 1726758996.4777188
File C:\Users\KIIT\anaconda3\Lib\site-packages\django\db\backends\base\schema.py first seen with mtime 1726758996.6473138
File C:\Users\KIIT\anaconda3\Lib\site-packages\django\contrib\admin\filters.py first seen with mtime 1726758991.4013894
File C:\Users\KIIT\anaconda3\Lib\site-packages\pkg_resources\_vendor\more_itertools\recipes.py first seen with mtime 1687189957.0
File C:\Users\KIIT\anaconda3\Lib\site-packages\pkg_resources\_vendor\platformdirs\windows.py first seen with mtime 1687189957.0
File C:\Users\KIIT\anaconda3\Lib\importlib\metadata\__init__.py first seen with mtime 1701712589.0
File C:\Users\KIIT\anaconda3\Lib\site-packages\django\contrib\auth\tokens.py first seen with mtime 1726758992.7898288
File C:\Users\KIIT\anaconda3\Lib\site-packages\django\core\cache\utils.py first seen with mtime 1726758996.4974222
File C:\Users\KIIT\anaconda3\Lib\__future__.py first seen with mtime 1701712589.0
File C:\Users\KIIT\anaconda3\Lib\site-packages\django\db\models\functions\mixins.py first seen with mtime 1726758996.7872076
File C:\Users\KIIT\anaconda3\Lib\site-packages\django\utils\_os.py first seen with mtime 1726758997.006818
File C:\Users\KIIT\anaconda3\Lib\site-packages\urllib3\contrib\socks.py first seen with mtime 1728135426.7964952
File C:\Users\KIIT\anaconda3\Lib\site-packages\django\contrib\contenttypes\management\__init__.py first seen with mtime 1726758993.7967186
File C:\Users\KIIT\anaconda3\Lib\site-packages\django\db\backends\base\features.py first seen with mtime 1726758996.640946
File C:\Users\KIIT\anaconda3\Lib\importlib\resources\abc.py first seen with mtime 1701712589.0
File C:\Users\KIIT\anaconda3\Lib\pickle.py first seen with mtime 1701712589.0
File C:\Users\KIIT\OneDrive\Desktop\DJANGO\myproject\home\templatetags\custom_filters.py first seen with mtime 1727667134.789232
File C:\Users\KIIT\anaconda3\Lib\site-packages\asgiref\current_thread_executor.py first seen with mtime 1726758990.5540466
File C:\Users\KIIT\anaconda3\DLLs\_queue.pyd first seen with mtime 1702663613.6612191
File C:\Users\KIIT\anaconda3\Lib\_weakrefset.py first seen with mtime 1701712589.0
File C:\Users\KIIT\AppData\Roaming\Python\Python311\site-packages\colorama\initialise.py first seen with mtime 1706013962.9132197
File C:\Users\KIIT\anaconda3\Lib\site-packages\django\contrib\auth\apps.py first seen with mtime 1726758992.7656608
File C:\Users\KIIT\anaconda3\Lib\site-packages\django\db\models\sql\query.py first seen with mtime 1726758996.793645
File C:\Users\KIIT\anaconda3\Lib\site-packages\django\utils\__init__.py first seen with mtime 1726758997.0057323
File C:\Users\KIIT\anaconda3\Lib\site-packages\django\utils\inspect.py first seen with mtime 1726758997.0366023
File C:\Users\KIIT\anaconda3\Lib\email\errors.py first seen with mtime 1701712589.0
File C:\Users\KIIT\anaconda3\Lib\importlib\resources\_common.py first seen with mtime 1701712589.0
File C:\Users\KIIT\anaconda3\Lib\uuid.py first seen with mtime 1701712589.0
File C:\Users\KIIT\anaconda3\Lib\site-packages\django\core\files\storage\base.py first seen with mtime 1726758996.539718
File C:\Users\KIIT\anaconda3\Lib\site-packages\django\utils\dates.py first seen with mtime 1726758997.0239606
File C:\Users\KIIT\anaconda3\Lib\operator.py first seen with mtime 1701712589.0
File C:\Users\KIIT\anaconda3\Lib\site-packages\psycopg2\_range.py first seen with mtime 1728136737.6501856
File C:\Users\KIIT\anaconda3\DLLs\_elementtree.pyd first seen with mtime 1702663617.79045
File C:\Users\KIIT\anaconda3\Lib\site-packages\google\oauth2\reauth.py first seen with mtime 1706241651.6781895
File C:\Users\KIIT\anaconda3\Lib\site-packages\chardet\latin1prober.py first seen with mtime 1676436166.0
File C:\Users\KIIT\anaconda3\Lib\site-packages\django\db\utils.py first seen with mtime 1726758996.6265383
File C:\Users\KIIT\anaconda3\Lib\site-packages\pkg_resources\_vendor\packaging\_musllinux.py first seen with mtime 1687189957.0
File C:\Users\KIIT\anaconda3\Lib\site-packages\django\utils\dateformat.py first seen with mtime 1726758997.021354
File C:\Users\KIIT\anaconda3\Lib\site-packages\django\contrib\admin\views\autocomplete.py first seen with mtime 1726758992.3803823
File C:\Users\KIIT\anaconda3\Lib\site-packages\django\db\backends\signals.py first seen with mtime 1726758996.6332467
File C:\Users\KIIT\anaconda3\Lib\email\_encoded_words.py first seen with mtime 1701712589.0
File C:\Users\KIIT\anaconda3\Lib\site-packages\google\auth\exceptions.py first seen with mtime 1706241651.6478765
File C:\Users\KIIT\anaconda3\Lib\site-packages\razorpay\resources\customer.py first seen with mtime 1727765952.2256832
File C:\Users\KIIT\anaconda3\Lib\site-packages\django\utils\version.py first seen with mtime 1726758997.0533023
File C:\Users\KIIT\anaconda3\Lib\site-packages\django\contrib\auth\management\__init__.py first seen with mtime 1726758993.2742445
File C:\Users\KIIT\anaconda3\Lib\site-packages\django\db\migrations\operations\special.py first seen with mtime 1726758996.7398565
File C:\Users\KIIT\anaconda3\Lib\site-packages\idna\core.py first seen with mtime 1728135430.0590365
File C:\Users\KIIT\anaconda3\Lib\site-packages\cryptography\hazmat\primitives\asymmetric\utils.py first seen with mtime 1702072972.8664348
File C:\Users\KIIT\anaconda3\Lib\site-packages\django\db\models\query.py first seen with mtime 1726758996.7572868
File C:\Users\KIIT\anaconda3\Lib\site-packages\django\utils\datastructures.py first seen with mtime 1726758997.021354
File C:\Users\KIIT\anaconda3\Lib\site-packages\charset_normalizer\legacy.py first seen with mtime 1630003258.0
File C:\Users\KIIT\anaconda3\Lib\site-packages\django\utils\tree.py first seen with mtime 1726758997.0520258
File C:\Users\KIIT\anaconda3\Lib\email\_policybase.py first seen with mtime 1701712589.0
File C:\Users\KIIT\anaconda3\Lib\gettext.py first seen with mtime 1701712589.0
File C:\Users\KIIT\anaconda3\Lib\site-packages\razorpay\errors.py first seen with mtime 1727765952.211023
File C:\Users\KIIT\anaconda3\Lib\wsgiref\simple_server.py first seen with mtime 1701712589.0
File C:\Users\KIIT\anaconda3\Lib\site-packages\pkg_resources\_vendor\packaging\tags.py first seen with mtime 1687189957.0
File C:\Users\KIIT\anaconda3\Lib\site-packages\urllib3\fields.py first seen with mtime 1728135426.7964952
File C:\Users\KIIT\anaconda3\Lib\site-packages\requests\certs.py first seen with mtime 1690400596.0
File C:\Users\KIIT\anaconda3\Lib\site-packages\urllib3\util\ssl_match_hostname.py first seen with mtime 1728135426.8300495
File C:\Users\KIIT\anaconda3\Lib\site-packages\django\core\checks\compatibility\__init__.py first seen with mtime 1726758996.5197768
File C:\Users\KIIT\anaconda3\Lib\site-packages\urllib3\util\retry.py first seen with mtime 1728135426.8264427
File C:\Users\KIIT\anaconda3\Lib\site-packages\requests\utils.py first seen with mtime 1690400596.0
File C:\Users\KIIT\anaconda3\Lib\site-packages\django\db\backends\base\introspection.py first seen with mtime 1726758996.64332
File C:\Users\KIIT\OneDrive\Desktop\DJANGO\myproject\products\admin.py first seen with mtime 1727680316.315706
File C:\Users\KIIT\anaconda3\Lib\site-packages\psycopg2\extensions.py first seen with mtime 1728136737.656621
File C:\Users\KIIT\anaconda3\Lib\string.py first seen with mtime 1701712589.0
File C:\Users\KIIT\anaconda3\Lib\site-packages\cryptography\hazmat\primitives\asymmetric\x448.py first seen with mtime 1702072972.8664348
File C:\Users\KIIT\anaconda3\Lib\site-packages\defusedxml\common.py first seen with mtime 1615228157.0
File C:\Users\KIIT\anaconda3\Lib\site-packages\django\contrib\messages\storage\__init__.py first seen with mtime 1726758995.1492715
File C:\Users\KIIT\anaconda3\Lib\email\mime\nonmultipart.py first seen with mtime 1701712589.0
File C:\Users\KIIT\anaconda3\Lib\site-packages\cryptography\x509\certificate_transparency.py first seen with mtime 1702072972.8985698
File C:\Users\KIIT\anaconda3\Lib\site-packages\pkg_resources\__init__.py first seen with mtime 1687189957.0
File C:\Users\KIIT\anaconda3\Lib\json\encoder.py first seen with mtime 1701712589.0
File C:\Users\KIIT\anaconda3\Lib\ctypes\wintypes.py first seen with mtime 1701712589.0
File C:\Users\KIIT\anaconda3\Lib\site-packages\django\contrib\contenttypes\checks.py first seen with mtime 1726758993.309864
File C:\Users\KIIT\anaconda3\Lib\site-packages\google\auth\crypt\rsa.py first seen with mtime 1706241651.660302
File C:\Users\KIIT\anaconda3\Lib\asyncio\proactor_events.py first seen with mtime 1701712589.0
File C:\Users\KIIT\anaconda3\Lib\site-packages\django\forms\renderers.py first seen with mtime 1726758996.8131852
File C:\Users\KIIT\AppData\Roaming\Python\Python311\site-packages\colorama\winterm.py first seen with mtime 1706013962.915711
File C:\Users\KIIT\anaconda3\Lib\site-packages\django\template\defaulttags.py first seen with mtime 1726758996.9464252
File C:\Users\KIIT\anaconda3\Lib\site-packages\urllib3\__init__.py first seen with mtime 1728135426.7869792
File C:\Users\KIIT\anaconda3\Lib\site-packages\django\middleware\csrf.py first seen with mtime 1726758996.937463
File C:\Users\KIIT\anaconda3\Lib\site-packages\django\templatetags\cache.py first seen with mtime 1726758996.9798107
File C:\Users\KIIT\anaconda3\Lib\site-packages\urllib3\contrib\__init__.py first seen with mtime 1728135426.7964952
File C:\Users\KIIT\anaconda3\Lib\site-packages\google\auth\transport\_http_client.py first seen with mtime 1706241651.666601
File C:\Users\KIIT\anaconda3\Lib\site-packages\razorpay\resources\transfer.py first seen with mtime 1727765952.2454245
File C:\Users\KIIT\anaconda3\Lib\html\__init__.py first seen with mtime 1701712589.0
File C:\Users\KIIT\OneDrive\Desktop\DJANGO\myproject\home\__init__.py first seen with mtime 1727295406.8267837
File C:\Users\KIIT\anaconda3\DLLs\_asyncio.pyd first seen with mtime 1702663608.4607923
File C:\Users\KIIT\anaconda3\Lib\site-packages\cryptography\hazmat\primitives\asymmetric\x25519.py first seen with mtime 1702072972.8664348
File C:\Users\KIIT\anaconda3\Lib\site-packages\django\db\models\functions\__init__.py first seen with mtime 1726758996.7788353
File C:\Users\KIIT\anaconda3\Lib\site-packages\django\dispatch\__init__.py first seen with mtime 1726758996.7970152
File C:\Users\KIIT\anaconda3\Lib\site-packages\sqlparse\tokens.py first seen with mtime 1726758990.4153457
File C:\Users\KIIT\anaconda3\Lib\tempfile.py first seen with mtime 1701712589.0
File C:\Users\KIIT\anaconda3\Lib\site-packages\django\urls\conf.py first seen with mtime 1726758997.0011861
File C:\Users\KIIT\anaconda3\Lib\site-packages\django\db\backends\base\client.py first seen with mtime 1726758996.6397252
File C:\Users\KIIT\anaconda3\Lib\warnings.py first seen with mtime 1701712589.0
File C:\Users\KIIT\anaconda3\Lib\site-packages\chardet\charsetgroupprober.py first seen with mtime 1676436166.0
File C:\Users\KIIT\anaconda3\Lib\contextlib.py first seen with mtime 1701712589.0
File C:\Users\KIIT\anaconda3\Lib\site-packages\psycopg2\_psycopg.cp311-win_amd64.pyd first seen with mtime 1728136737.6501856
File C:\Users\KIIT\anaconda3\Lib\site-packages\chardet\jisfreq.py first seen with mtime 1676436166.0
File C:\Users\KIIT\anaconda3\Lib\site-packages\sqlparse\filters\output.py first seen with mtime 1726758990.4282434
File C:\Users\KIIT\anaconda3\Lib\email\generator.py first seen with mtime 1701712589.0
File C:\Users\KIIT\anaconda3\Lib\site-packages\django\db\migrations\migration.py first seen with mtime 1726758996.7242975
File C:\Users\KIIT\anaconda3\Lib\site-packages\django\core\files\storage\filesystem.py first seen with mtime 1726758996.539718
File C:\Users\KIIT\anaconda3\Lib\importlib\resources\__init__.py first seen with mtime 1701712589.0
File C:\Users\KIIT\anaconda3\Lib\site-packages\django\db\backends\base\__init__.py first seen with mtime 1726758996.636786
File C:\Users\KIIT\anaconda3\Lib\bisect.py first seen with mtime 1701712589.0
File C:\Users\KIIT\anaconda3\Lib\site-packages\django\core\management\__init__.py first seen with mtime 1726758996.5676405
File C:\Users\KIIT\anaconda3\Lib\site-packages\cryptography\hazmat\primitives\asymmetric\dsa.py first seen with mtime 1702072972.8664348
File C:\Users\KIIT\anaconda3\Lib\site-packages\django\contrib\admin\apps.py first seen with mtime 1726758991.3957205
File C:\Users\KIIT\anaconda3\Lib\site-packages\requests\structures.py first seen with mtime 1690400596.0
File C:\Users\KIIT\anaconda3\DLLs\_bz2.pyd first seen with mtime 1702663625.5559807
File C:\Users\KIIT\anaconda3\Lib\site-packages\django\conf\__init__.py first seen with mtime 1726758990.7430944
File C:\Users\KIIT\anaconda3\Lib\site-packages\django\core\handlers\wsgi.py first seen with mtime 1726758996.550655
File C:\Users\KIIT\anaconda3\Lib\site-packages\django\core\signing.py first seen with mtime 1726758996.4898
File C:\Users\KIIT\anaconda3\Lib\site-packages\django\core\management\commands\runserver.py first seen with mtime 1726758996.5976305
File C:\Users\KIIT\anaconda3\Lib\site-packages\psycopg2\extras.py first seen with mtime 1728136737.656621
File C:\Users\KIIT\anaconda3\Lib\asyncio\subprocess.py first seen with mtime 1701712589.0
File C:\Users\KIIT\anaconda3\Lib\site-packages\chardet\euckrfreq.py first seen with mtime 1676436166.0
File C:\Users\KIIT\anaconda3\Lib\struct.py first seen with mtime 1701712589.0
File C:\Users\KIIT\anaconda3\Lib\site-packages\requests\api.py first seen with mtime 1690400596.0
File C:\Users\KIIT\anaconda3\Lib\site-packages\django\core\servers\basehttp.py first seen with mtime 1726758996.6239958
File C:\Users\KIIT\anaconda3\Lib\site-packages\chardet\cp949prober.py first seen with mtime 1676436166.0
File C:\Users\KIIT\anaconda3\Lib\asyncio\locks.py first seen with mtime 1701712589.0
File C:\Users\KIIT\anaconda3\Lib\site-packages\django\db\models\utils.py first seen with mtime 1726758996.7639878
File C:\Users\KIIT\anaconda3\Lib\email\mime\base.py first seen with mtime 1701712589.0
File C:\Users\KIIT\anaconda3\Lib\site-packages\django\views\generic\base.py first seen with mtime 1726758997.079729
File C:\Users\KIIT\anaconda3\Lib\site-packages\requests\hooks.py first seen with mtime 1690400596.0
File C:\Users\KIIT\anaconda3\Lib\site-packages\sqlparse\filters\right_margin.py first seen with mtime 1726758990.4305847
File C:\Users\KIIT\anaconda3\Lib\site-packages\cryptography\hazmat\__init__.py first seen with mtime 1702072972.8037832
File C:\Users\KIIT\anaconda3\Lib\site-packages\google\oauth2\__init__.py first seen with mtime 1706241651.6744785
File C:\Users\KIIT\anaconda3\Lib\site-packages\django\__init__.py first seen with mtime 1726758990.7430944
File C:\Users\KIIT\anaconda3\Lib\pathlib.py first seen with mtime 1701712589.0
File C:\Users\KIIT\anaconda3\Lib\site-packages\pkg_resources\_vendor\jaraco\functools.py first seen with mtime 1687189957.0
File C:\Users\KIIT\anaconda3\Lib\site-packages\django\core\files\images.py first seen with mtime 1726758996.5274994
File C:\Users\KIIT\anaconda3\DLLs\_uuid.pyd first seen with mtime 1702663623.4052563
File C:\Users\KIIT\anaconda3\Lib\site-packages\chardet\langbulgarianmodel.py first seen with mtime 1676436166.0
File C:\Users\KIIT\anaconda3\Lib\site-packages\requests\_internal_utils.py first seen with mtime 1690400596.0
File C:\Users\KIIT\anaconda3\Lib\site-packages\sqlparse\filters\tokens.py first seen with mtime 1726758990.4305847
File C:\Users\KIIT\anaconda3\Lib\site-packages\razorpay\constants\error_code.py first seen with mtime 1727765952.2131908
File C:\Users\KIIT\anaconda3\Lib\site-packages\django\contrib\admin\templatetags\__init__.py first seen with mtime 1726758992.3693774
File C:\Users\KIIT\anaconda3\Lib\site-packages\google\auth\_default.py first seen with mtime 1706241651.6278114
File C:\Users\KIIT\anaconda3\Lib\site-packages\django\template\backends\__init__.py first seen with mtime 1726758996.9603984
File C:\Users\KIIT\anaconda3\Lib\site-packages\urllib3\poolmanager.py first seen with mtime 1728135426.7964952
File C:\Users\KIIT\anaconda3\Lib\asyncio\transports.py first seen with mtime 1701712589.0
File C:\Users\KIIT\anaconda3\Lib\importlib\metadata\_itertools.py first seen with mtime 1701712589.0
File C:\Users\KIIT\anaconda3\Lib\importlib\resources\_legacy.py first seen with mtime 1701712589.0
File C:\Users\KIIT\anaconda3\Lib\site-packages\requests\compat.py first seen with mtime 1690400596.0
File C:\Users\KIIT\anaconda3\Lib\asyncio\base_tasks.py first seen with mtime 1701712589.0
File C:\Users\KIIT\anaconda3\Lib\asyncio\timeouts.py first seen with mtime 1701712589.0
File C:\Users\KIIT\anaconda3\Lib\email\__init__.py first seen with mtime 1701712589.0
File C:\Users\KIIT\OneDrive\Desktop\DJANGO\myproject\home\urls.py first seen with mtime 1728278239.2218611
File C:\Users\KIIT\anaconda3\Lib\_markupbase.py first seen with mtime 1701712589.0
File C:\Users\KIIT\anaconda3\DLLs\_ssl.pyd first seen with mtime 1702663627.502413
File C:\Users\KIIT\anaconda3\Lib\site-packages\charset_normalizer\__init__.py first seen with mtime 1630003258.0
File C:\Users\KIIT\anaconda3\Lib\asyncio\constants.py first seen with mtime 1701712589.0
File C:\Users\KIIT\anaconda3\Lib\site-packages\urllib3\util\wait.py first seen with mtime 1728135426.8300495
File C:\Users\KIIT\anaconda3\Lib\site-packages\django\templatetags\static.py first seen with mtime 1726758996.9858253
File C:\Users\KIIT\anaconda3\Lib\site-packages\django\contrib\auth\checks.py first seen with mtime 1726758992.7732205
File C:\Users\KIIT\anaconda3\Lib\heapq.py first seen with mtime 1701712589.0
File C:\Users\KIIT\anaconda3\Lib\site-packages\razorpay\resources\card.py first seen with mtime 1727765952.2190905
File C:\Users\KIIT\anaconda3\Lib\site-packages\django\contrib\contenttypes\__init__.py first seen with mtime 1726758993.3043685
File C:\Users\KIIT\anaconda3\Lib\site-packages\django\contrib\sessions\apps.py first seen with mtime 1726758995.7571661
File C:\Users\KIIT\anaconda3\Lib\site-packages\cryptography\hazmat\primitives\serialization\ssh.py first seen with mtime 1702072972.8985698
File C:\Users\KIIT\anaconda3\Lib\importlib\resources\readers.py first seen with mtime 1701712589.0
File C:\Users\KIIT\anaconda3\Lib\site-packages\razorpay\client.py first seen with mtime 1727765952.2099774
File C:\Users\KIIT\anaconda3\Lib\site-packages\certifi\core.py first seen with mtime 1700501879.997474
File C:\Users\KIIT\anaconda3\Lib\site-packages\django\core\checks\security\__init__.py first seen with mtime 1726758996.5197768
File C:\Users\KIIT\anaconda3\Lib\site-packages\pkg_resources\_vendor\packaging\requirements.py first seen with mtime 1687189957.0
File C:\Users\KIIT\anaconda3\Lib\site-packages\charset_normalizer\md.py first seen with mtime 1630003258.0
File C:\Users\KIIT\anaconda3\Lib\site-packages\django\template\context.py first seen with mtime 1726758996.9464252
File C:\Users\KIIT\anaconda3\Lib\site-packages\django\core\cache\__init__.py first seen with mtime 1726758996.4974222
File C:\Users\KIIT\anaconda3\Lib\site-packages\django\core\serializers\base.py first seen with mtime 1726758996.613358
File C:\Users\KIIT\anaconda3\Lib\site-packages\sqlparse\lexer.py first seen with mtime 1726758990.4111552
File C:\Users\KIIT\anaconda3\Lib\site-packages\django\urls\base.py first seen with mtime 1726758996.9971654
File C:\Users\KIIT\anaconda3\Lib\fnmatch.py first seen with mtime 1701712589.0
File C:\Users\KIIT\anaconda3\Lib\site-packages\sqlparse\utils.py first seen with mtime 1726758990.4153457
File C:\Users\KIIT\anaconda3\Lib\_compression.py first seen with mtime 1701712589.0
File C:\Users\KIIT\anaconda3\Lib\site-packages\django\forms\widgets.py first seen with mtime 1726758996.8188388
File C:\Users\KIIT\anaconda3\Lib\site-packages\razorpay\__init__.py first seen with mtime 1727765952.2036228
File C:\Users\KIIT\anaconda3\Lib\wsgiref\handlers.py first seen with mtime 1701712589.0
File C:\Users\KIIT\anaconda3\Lib\site-packages\razorpay\resources\qrcode.py first seen with mtime 1727765952.241001
File C:\Users\KIIT\anaconda3\Lib\threading.py first seen with mtime 1701712589.0
File C:\Users\KIIT\anaconda3\DLLs\_zoneinfo.pyd first seen with mtime 1702663608.393515
File C:\Users\KIIT\anaconda3\Lib\site-packages\sqlparse\keywords.py first seen with mtime 1726758990.4111552
File C:\Users\KIIT\anaconda3\DLLs\pyexpat.pyd first seen with mtime 1702663617.6171238
File C:\Users\KIIT\anaconda3\Lib\xml\parsers\__init__.py first seen with mtime 1701712589.0
File C:\Users\KIIT\anaconda3\Lib\site-packages\urllib3\_collections.py first seen with mtime 1728135426.7869792
File C:\Users\KIIT\anaconda3\Lib\asyncio\futures.py first seen with mtime 1701712589.0
File C:\Users\KIIT\anaconda3\Lib\site-packages\google\auth\metrics.py first seen with mtime 1706241651.6559675
File C:\Users\KIIT\anaconda3\Lib\site-packages\django\core\cache\backends\__init__.py first seen with mtime 1726758996.4974222
File C:\Users\KIIT\anaconda3\Lib\copyreg.py first seen with mtime 1701712589.0
File C:\Users\KIIT\anaconda3\Lib\site-packages\django\views\debug.py first seen with mtime 1726758997.0668137
File C:\Users\KIIT\anaconda3\Lib\site-packages\django\conf\locale\__init__.py first seen with mtime 1726758990.75906
File C:\Users\KIIT\anaconda3\Lib\site-packages\django\http\request.py first seen with mtime 1726758996.9284978
File C:\Users\KIIT\anaconda3\Lib\site-packages\django\db\__init__.py first seen with mtime 1726758996.6239958
File C:\Users\KIIT\anaconda3\Lib\types.py first seen with mtime 1701712589.0
File C:\Users\KIIT\anaconda3\Lib\site-packages\django\views\static.py first seen with mtime 1726758997.0719292
File C:\Users\KIIT\anaconda3\Lib\site-packages\django\utils\connection.py first seen with mtime 1726758997.0192826
File C:\Users\KIIT\anaconda3\Lib\site-packages\django\utils\timezone.py first seen with mtime 1726758997.0520258
File C:\Users\KIIT\anaconda3\Lib\site-packages\pkg_resources\_vendor\jaraco\text\__init__.py first seen with mtime 1687189957.0
File C:\Users\KIIT\anaconda3\Lib\site-packages\pytz\exceptions.py first seen with mtime 1695132108.0
File C:\Users\KIIT\anaconda3\Lib\site-packages\django\contrib\messages\storage\base.py first seen with mtime 1726758995.1492715
File C:\Users\KIIT\anaconda3\Lib\site-packages\django\core\serializers\json.py first seen with mtime 1726758996.616168
File C:\Users\KIIT\anaconda3\Lib\site-packages\urllib3\util\request.py first seen with mtime 1728135426.8264427
File C:\Users\KIIT\anaconda3\Lib\token.py first seen with mtime 1701712589.0
File C:\Users\KIIT\anaconda3\Lib\site-packages\django\views\decorators\csrf.py first seen with mtime 1726758997.0775733
File C:\Users\KIIT\anaconda3\Lib\site-packages\django\template\loaders\__init__.py first seen with mtime 1726758996.9704688
File C:\Users\KIIT\anaconda3\Lib\site-packages\cryptography\x509\base.py first seen with mtime 1702072972.8985698
File C:\Users\KIIT\anaconda3\Lib\site-packages\firebase_admin\credentials.py first seen with mtime 1728135431.4429195
File C:\Users\KIIT\anaconda3\Lib\site-packages\django\core\paginator.py first seen with mtime 1726758996.4898
File C:\Users\KIIT\anaconda3\Lib\site-packages\google\auth\crypt\es256.py first seen with mtime 1706241651.660302
File C:\Users\KIIT\anaconda3\Lib\logging\__init__.py first seen with mtime 1701712589.0
File C:\Users\KIIT\anaconda3\Lib\enum.py first seen with mtime 1701712589.0
File C:\Users\KIIT\anaconda3\Lib\site-packages\cryptography\hazmat\primitives\asymmetric\__init__.py first seen with mtime 1702072972.8664348
File C:\Users\KIIT\anaconda3\Lib\site-packages\django\core\files\utils.py first seen with mtime 1726758996.536647
File C:\Users\KIIT\anaconda3\Lib\site-packages\django\core\checks\files.py first seen with mtime 1726758996.5098474
File C:\Users\KIIT\anaconda3\Lib\site-packages\chardet\sbcharsetprober.py first seen with mtime 1676436166.0
File C:\Users\KIIT\anaconda3\Lib\site-packages\google\auth\_cloud_sdk.py first seen with mtime 1706241651.6278114
File C:\Users\KIIT\anaconda3\Lib\site-packages\django\core\checks\model_checks.py first seen with mtime 1726758996.5098474
File C:\Users\KIIT\anaconda3\Lib\site-packages\asgiref\__init__.py first seen with mtime 1726758990.5540466
File C:\Users\KIIT\anaconda3\Lib\site-packages\sqlparse\engine\grouping.py first seen with mtime 1726758990.4195774
File C:\Users\KIIT\anaconda3\Lib\site-packages\django\core\mail\message.py first seen with mtime 1726758996.550655
File C:\Users\KIIT\anaconda3\Lib\site-packages\django\db\migrations\exceptions.py first seen with mtime 1726758996.7174928
File C:\Users\KIIT\anaconda3\Lib\site-packages\django\utils\decorators.py first seen with mtime 1726758997.0265212
File C:\Users\KIIT\anaconda3\Lib\site-packages\django\db\backends\base\validation.py first seen with mtime 1726758996.6473138
File C:\Users\KIIT\anaconda3\Lib\site-packages\chardet\chardistribution.py first seen with mtime 1676436166.0
File C:\Users\KIIT\anaconda3\Lib\site-packages\django\core\checks\translation.py first seen with mtime 1726758996.518619
File C:\Users\KIIT\anaconda3\Lib\site-packages\django\contrib\__init__.py first seen with mtime 1726758991.3906
File C:\Users\KIIT\anaconda3\Lib\site-packages\requests\__init__.py first seen with mtime 1690400596.0
File C:\Users\KIIT\anaconda3\Lib\site-packages\PIL\ImageMode.py first seen with mtime 1696580339.4579446
File C:\Users\KIIT\anaconda3\Lib\site-packages\django\forms\utils.py first seen with mtime 1726758996.8168218
File C:\Users\KIIT\anaconda3\Lib\site-packages\cachetools\__init__.py first seen with mtime 1705896673.280384
File C:\Users\KIIT\anaconda3\Lib\site-packages\django\template\loaders\app_directories.py first seen with mtime 1726758996.9704688
File C:\Users\KIIT\anaconda3\Lib\site-packages\django\contrib\staticfiles\management\commands\runserver.py first seen with mtime 1726758996.479892
File C:\Users\KIIT\anaconda3\Lib\site-packages\django\http\response.py first seen with mtime 1726758996.9298794
File C:\Users\KIIT\anaconda3\Lib\json\__init__.py first seen with mtime 1701712589.0
File C:\Users\KIIT\anaconda3\Lib\numbers.py first seen with mtime 1701712589.0
File C:\Users\KIIT\anaconda3\Lib\site-packages\django\db\backends\base\base.py first seen with mtime 1726758996.6374104
File C:\Users\KIIT\anaconda3\Lib\graphlib.py first seen with mtime 1701712589.0
File C:\Users\KIIT\anaconda3\Lib\site-packages\django\utils\hashable.py first seen with mtime 1726758997.027967
File C:\Users\KIIT\anaconda3\Lib\plistlib.py first seen with mtime 1701712589.0
File C:\Users\KIIT\anaconda3\Lib\site-packages\cryptography\hazmat\primitives\asymmetric\ed448.py first seen with mtime 1702072972.8664348
File C:\Users\KIIT\anaconda3\Lib\site-packages\charset_normalizer\assets\__init__.py first seen with mtime 1630003258.0
File C:\Users\KIIT\anaconda3\Lib\site-packages\django\contrib\sites\shortcuts.py first seen with mtime 1726758996.0979905
File C:\Users\KIIT\anaconda3\Lib\site-packages\chardet\langhebrewmodel.py first seen with mtime 1676436166.0
File C:\Users\KIIT\anaconda3\Lib\encodings\idna.py first seen with mtime 1701712589.0
File C:\Users\KIIT\anaconda3\Lib\site-packages\urllib3\connection.py first seen with mtime 1728135426.7954907
File C:\Users\KIIT\anaconda3\Lib\email\_header_value_parser.py first seen with mtime 1701712589.0
File C:\Users\KIIT\anaconda3\Lib\site-packages\django\contrib\auth\__init__.py first seen with mtime 1726758992.7656608
File C:\Users\KIIT\anaconda3\Lib\site-packages\django\contrib\auth\base_user.py first seen with mtime 1726758992.7656608
File C:\Users\KIIT\anaconda3\Lib\site-packages\chardet\universaldetector.py first seen with mtime 1676436166.0
File C:\Users\KIIT\anaconda3\Lib\site-packages\django\contrib\admin\checks.py first seen with mtime 1726758991.3957205
File C:\Users\KIIT\anaconda3\Lib\site-packages\django\utils\formats.py first seen with mtime 1726758997.027967
File C:\Users\KIIT\anaconda3\Lib\site-packages\pkg_resources\_vendor\packaging\utils.py first seen with mtime 1687189957.0
File C:\Users\KIIT\anaconda3\Lib\site-packages\django\contrib\admin\decorators.py first seen with mtime 1726758991.3957205
File C:\Users\KIIT\anaconda3\Lib\site-packages\psycopg2\sql.py first seen with mtime 1728136737.6617844
File C:\Users\KIIT\anaconda3\Lib\functools.py first seen with mtime 1701712589.0
File C:\Users\KIIT\anaconda3\Lib\site-packages\django\db\models\fields\related.py first seen with mtime 1726758996.7746763
File C:\Users\KIIT\anaconda3\Lib\site-packages\django\db\models\sql\__init__.py first seen with mtime 1726758996.788353
File C:\Users\KIIT\anaconda3\Lib\site-packages\django\forms\formsets.py first seen with mtime 1726758996.8076527
File C:\Users\KIIT\anaconda3\Lib\site-packages\razorpay\resources\__init__.py first seen with mtime 1727765952.2178493
File C:\Users\KIIT\anaconda3\Lib\site-packages\razorpay\utility\utility.py first seen with mtime 1727765952.252598
File C:\Users\KIIT\anaconda3\Lib\random.py first seen with mtime 1701712589.0
File C:\Users\KIIT\anaconda3\Lib\asyncio\runners.py first seen with mtime 1701712589.0
File C:\Users\KIIT\anaconda3\Lib\site-packages\django\core\checks\templates.py first seen with mtime 1726758996.5168812
File C:\Users\KIIT\anaconda3\Lib\json\decoder.py first seen with mtime 1701712589.0
File C:\Users\KIIT\OneDrive\Desktop\DJANGO\myproject\home\models.py first seen with mtime 1728015002.859555
File C:\Users\KIIT\anaconda3\Lib\site-packages\cryptography\hazmat\backends\openssl\aead.py first seen with mtime 1702072972.8037832
File C:\Users\KIIT\anaconda3\Lib\site-packages\chardet\charsetprober.py first seen with mtime 1676436166.0
File C:\Users\KIIT\anaconda3\Lib\site-packages\django\core\checks\security\csrf.py first seen with mtime 1726758996.524386
File C:\Users\KIIT\anaconda3\Lib\site-packages\chardet\escsm.py first seen with mtime 1676436166.0
File C:\Users\KIIT\anaconda3\Lib\site-packages\django\utils\timesince.py first seen with mtime 1726758997.0504978
File C:\Users\KIIT\anaconda3\Lib\site-packages\razorpay\resources\item.py first seen with mtime 1727765952.233484
File C:\Users\KIIT\anaconda3\Lib\site-packages\django\urls\exceptions.py first seen with mtime 1726758997.0011861
File C:\Users\KIIT\anaconda3\Lib\site-packages\django\conf\urls\__init__.py first seen with mtime 1726758991.3860877
File C:\Users\KIIT\anaconda3\Lib\site-packages\django\urls\converters.py first seen with mtime 1726758997.0011861
File C:\Users\KIIT\anaconda3\Lib\site-packages\django\views\i18n.py first seen with mtime 1726758997.0694184
File C:\Users\KIIT\anaconda3\Lib\site-packages\pkg_resources\_vendor\packaging\_parser.py first seen with mtime 1687189957.0
File C:\Users\KIIT\anaconda3\Lib\site-packages\django\core\handlers\base.py first seen with mtime 1726758996.550655
File C:\Users\KIIT\anaconda3\Lib\site-packages\django\db\models\sql\datastructures.py first seen with mtime 1726758996.793645
File C:\Users\KIIT\anaconda3\DLLs\_ctypes.pyd first seen with mtime 1702663624.8604834
File C:\Users\KIIT\anaconda3\Lib\site-packages\django\db\models\__init__.py first seen with mtime 1726758996.7398565
File C:\Users\KIIT\anaconda3\Lib\site-packages\pkg_resources\_vendor\__init__.py first seen with mtime 1687189957.0
File C:\Users\KIIT\anaconda3\Lib\site-packages\django\utils\duration.py first seen with mtime 1726758997.027967
File C:\Users\KIIT\anaconda3\Lib\site-packages\django\core\handlers\asgi.py first seen with mtime 1726758996.5475996
File C:\Users\KIIT\anaconda3\Lib\json\scanner.py first seen with mtime 1701712589.0
File C:\Users\KIIT\anaconda3\Lib\email\base64mime.py first seen with mtime 1701712589.0
File C:\Users\KIIT\anaconda3\Lib\shutil.py first seen with mtime 1701712589.0
File C:\Users\KIIT\anaconda3\Lib\site-packages\cryptography\hazmat\primitives\__init__.py first seen with mtime 1702072972.8507824
File C:\Users\KIIT\anaconda3\Lib\site-packages\cryptography\x509\extensions.py first seen with mtime 1702072972.8985698
File C:\Users\KIIT\anaconda3\Lib\site-packages\google\auth\credentials.py first seen with mtime 1706241651.646864
File C:\Users\KIIT\anaconda3\Lib\site-packages\cryptography\hazmat\primitives\constant_time.py first seen with mtime 1702072972.8507824
File C:\Users\KIIT\anaconda3\Lib\dataclasses.py first seen with mtime 1701712589.0
File C:\Users\KIIT\anaconda3\Lib\email\mime\message.py first seen with mtime 1701712589.0
File C:\Users\KIIT\anaconda3\Lib\site-packages\sqlparse\engine\statement_splitter.py first seen with mtime 1726758990.4195774
File C:\Users\KIIT\anaconda3\Lib\ipaddress.py first seen with mtime 1701712589.0
File C:\Users\KIIT\anaconda3\Lib\site-packages\chardet\big5freq.py first seen with mtime 1676436166.0
File C:\Users\KIIT\anaconda3\Lib\http\server.py first seen with mtime 1701712589.0
File C:\Users\KIIT\anaconda3\Lib\email\header.py first seen with mtime 1701712589.0
File C:\Users\KIIT\anaconda3\Lib\site-packages\django\db\models\fields\mixins.py first seen with mtime 1726758996.7701707
File C:\Users\KIIT\anaconda3\Lib\site-packages\pkg_resources\_vendor\packaging\markers.py first seen with mtime 1687189957.0
File C:\Users\KIIT\anaconda3\Lib\site-packages\django\core\cache\backends\base.py first seen with mtime 1726758996.4974222
File C:\Users\KIIT\anaconda3\Lib\site-packages\urllib3\exceptions.py first seen with mtime 1728135426.7964952
File C:\Users\KIIT\anaconda3\Lib\opcode.py first seen with mtime 1701712589.0
File C:\Users\KIIT\anaconda3\Lib\site-packages\firebase_admin\__init__.py first seen with mtime 1728135431.4185276
File C:\Users\KIIT\anaconda3\Lib\site-packages\django\contrib\auth\password_validation.py first seen with mtime 1726758992.7898288
File C:\Users\KIIT\anaconda3\Lib\site-packages\google\auth\transport\_mtls_helper.py first seen with mtime 1706241651.666601
File C:\Users\KIIT\anaconda3\Lib\site-packages\django\db\backends\postgresql\base.py first seen with mtime 1726758996.6875162
File C:\Users\KIIT\anaconda3\Lib\site-packages\django\http\__init__.py first seen with mtime 1726758996.9258728
File C:\Users\KIIT\anaconda3\Lib\site-packages\psycopg2\errors.py first seen with mtime 1728136737.6548443
File C:\Users\KIIT\anaconda3\Lib\site-packages\django\templatetags\l10n.py first seen with mtime 1726758996.9798107
File C:\Users\KIIT\anaconda3\Lib\site-packages\django\utils\http.py first seen with mtime 1726758997.0355763
File C:\Users\KIIT\anaconda3\Lib\site-packages\razorpay\resources\dispute.py first seen with mtime 1727765952.2274406
File C:\Users\KIIT\anaconda3\Lib\site-packages\django\core\__init__.py first seen with mtime 1726758996.487494
File C:\Users\KIIT\anaconda3\Lib\site-packages\defusedxml\ElementTree.py first seen with mtime 1615228157.0
File C:\Users\KIIT\anaconda3\Lib\site-packages\razorpay\resources\virtual_account.py first seen with mtime 1727765952.2454245
File C:\Users\KIIT\anaconda3\Lib\site-packages\urllib3\util\__init__.py first seen with mtime 1728135426.81836
File C:\Users\KIIT\anaconda3\Lib\signal.py first seen with mtime 1701712589.0
File C:\Users\KIIT\anaconda3\Lib\site-packages\razorpay\resources\order.py first seen with mtime 1727765952.233484
File C:\Users\KIIT\anaconda3\Lib\site-packages\django\forms\forms.py first seen with mtime 1726758996.8076527
File C:\Users\KIIT\anaconda3\Lib\site-packages\razorpay\resources\registration_link.py first seen with mtime 1727765952.243517
File C:\Users\KIIT\anaconda3\Lib\site-packages\django\core\files\storage\memory.py first seen with mtime 1726758996.541677
File C:\Users\KIIT\anaconda3\Lib\site-packages\sqlparse\__init__.py first seen with mtime 1726758990.4056423
File C:\Users\KIIT\anaconda3\Lib\site-packages\urllib3\_base_connection.py first seen with mtime 1728135426.7869792
File C:\Users\KIIT\anaconda3\Lib\asyncio\staggered.py first seen with mtime 1701712589.0
File C:\Users\KIIT\anaconda3\Lib\traceback.py first seen with mtime 1701712589.0
File C:\Users\KIIT\anaconda3\Lib\zoneinfo\_common.py first seen with mtime 1701712589.0
File C:\Users\KIIT\OneDrive\Desktop\DJANGO\myproject\manage.py first seen with mtime 1727295232.1965723
File C:\Users\KIIT\anaconda3\Lib\encodings\__init__.py first seen with mtime 1701712589.0
File C:\Users\KIIT\anaconda3\Lib\site-packages\charset_normalizer\models.py first seen with mtime 1630003258.0
File C:\Users\KIIT\anaconda3\Lib\site-packages\cryptography\hazmat\primitives\asymmetric\dh.py first seen with mtime 1702072972.8664348
File C:\Users\KIIT\anaconda3\Lib\bz2.py first seen with mtime 1701712589.0
File C:\Users\KIIT\anaconda3\Lib\site-packages\django\contrib\admin\__init__.py first seen with mtime 1726758991.3906
File C:\Users\KIIT\anaconda3\Lib\site-packages\cryptography\__init__.py first seen with mtime 1702072972.7872648
File C:\Users\KIIT\anaconda3\Lib\site-packages\django\contrib\contenttypes\models.py first seen with mtime 1726758993.309864
File C:\Users\KIIT\anaconda3\Lib\email\encoders.py first seen with mtime 1701712589.0
File C:\Users\KIIT\anaconda3\Lib\site-packages\google\auth\_helpers.py first seen with mtime 1706241651.6278114
File C:\Users\KIIT\anaconda3\Lib\site-packages\django\template\__init__.py first seen with mtime 1726758996.941575
File C:\Users\KIIT\OneDrive\Desktop\DJANGO\myproject\home\admin.py first seen with mtime 1727923151.184119
File C:\Users\KIIT\anaconda3\Lib\site-packages\django\template\backends\django.py first seen with mtime 1726758996.965629
File C:\Users\KIIT\anaconda3\Lib\site-packages\django\db\models\query_utils.py first seen with mtime 1726758996.7572868
File C:\Users\KIIT\anaconda3\Lib\site-packages\cryptography\hazmat\backends\openssl\utils.py first seen with mtime 1702072972.8037832
File C:\Users\KIIT\anaconda3\Lib\asyncio\events.py first seen with mtime 1701712589.0
File C:\Users\KIIT\anaconda3\Lib\site-packages\pkg_resources\_vendor\packaging\_manylinux.py first seen with mtime 1687189957.0
File C:\Users\KIIT\anaconda3\Lib\site-packages\asgiref\local.py first seen with mtime 1726758990.5540466
File C:\Users\KIIT\anaconda3\Lib\asyncio\windows_events.py first seen with mtime 1701712589.0
File C:\Users\KIIT\anaconda3\Lib\site-packages\cryptography\hazmat\primitives\_cipheralgorithm.py first seen with mtime 1702072972.8507824
File C:\Users\KIIT\anaconda3\Lib\site-packages\django\core\files\__init__.py first seen with mtime 1726758996.5274994
File C:\Users\KIIT\anaconda3\Lib\textwrap.py first seen with mtime 1701712589.0
File C:\Users\KIIT\anaconda3\Lib\site-packages\cryptography\x509\oid.py first seen with mtime 1702072972.9071846
File C:\Users\KIIT\anaconda3\Lib\linecache.py first seen with mtime 1701712589.0
File C:\Users\KIIT\anaconda3\Lib\site-packages\razorpay\resources\stakeholder.py first seen with mtime 1727765952.2454245
File C:\Users\KIIT\anaconda3\Lib\configparser.py first seen with mtime 1701712589.0
File C:\Users\KIIT\anaconda3\Lib\site-packages\django\views\decorators\__init__.py first seen with mtime 1726758997.0735192
File C:\Users\KIIT\anaconda3\Lib\site-packages\chardet\mbcssm.py first seen with mtime 1676436166.0
File C:\Users\KIIT\anaconda3\Lib\site-packages\PIL\_binary.py first seen with mtime 1696580339.5107431
File C:\Users\KIIT\anaconda3\Lib\site-packages\django\db\backends\postgresql\creation.py first seen with mtime 1726758996.6925166
File C:\Users\KIIT\anaconda3\Lib\site-packages\django\db\models\expressions.py first seen with mtime 1726758996.7474592
File C:\Users\KIIT\anaconda3\Lib\site-packages\sqlparse\filters\__init__.py first seen with mtime 1726758990.4195774
File C:\Users\KIIT\anaconda3\Lib\xml\etree\ElementPath.py first seen with mtime 1701712589.0
File C:\Users\KIIT\anaconda3\Lib\site-packages\django\contrib\auth\signals.py first seen with mtime 1726758992.7898288
File C:\Users\KIIT\anaconda3\Lib\site-packages\razorpay\resources\iin.py first seen with mtime 1727765952.2291453
File C:\Users\KIIT\anaconda3\Lib\site-packages\django\template\loader_tags.py first seen with mtime 1726758996.9574294
File C:\Users\KIIT\anaconda3\Lib\site-packages\google\oauth2\_client.py first seen with mtime 1706241651.6744785
File C:\Users\KIIT\anaconda3\Lib\site-packages\google\oauth2\service_account.py first seen with mtime 1706241651.6855474
File C:\Users\KIIT\anaconda3\Lib\site-packages\django\forms\__init__.py first seen with mtime 1726758996.8030572
File C:\Users\KIIT\anaconda3\Lib\site-packages\cryptography\hazmat\primitives\serialization\__init__.py first seen with mtime 1702072972.8828304
File C:\Users\KIIT\anaconda3\Lib\site-packages\pkg_resources\_vendor\jaraco\context.py first seen with mtime 1687189957.0
File C:\Users\KIIT\anaconda3\Lib\site-packages\requests\cookies.py first seen with mtime 1690400596.0
File C:\Users\KIIT\anaconda3\Lib\site-packages\cryptography\hazmat\primitives\hashes.py first seen with mtime 1702072972.8507824
File C:\Users\KIIT\anaconda3\Lib\site-packages\django\utils\deconstruct.py first seen with mtime 1726758997.025984
File C:\Users\KIIT\anaconda3\Lib\site-packages\django\core\files\move.py first seen with mtime 1726758996.5274994
File C:\Users\KIIT\anaconda3\Lib\collections\abc.py first seen with mtime 1701712589.0
File C:\Users\KIIT\anaconda3\Lib\site-packages\django\contrib\sessions\__init__.py first seen with mtime 1726758995.7565885
File C:\Users\KIIT\AppData\Roaming\Python\Python311\site-packages\win32\lib\pywin32_bootstrap.py first seen with mtime 1706013935.5031934
File C:\Users\KIIT\anaconda3\Lib\site-packages\django\views\defaults.py first seen with mtime 1726758997.0694184
File C:\Users\KIIT\anaconda3\Lib\site-packages\django\utils\numberformat.py first seen with mtime 1726758997.0399158
File C:\Users\KIIT\anaconda3\Lib\site-packages\django\utils\translation\__init__.py first seen with mtime 1726758997.0558677
File C:\Users\KIIT\anaconda3\Lib\site-packages\django\db\models\fields\__init__.py first seen with mtime 1726758996.7672503
File C:\Users\KIIT\anaconda3\Lib\ctypes\__init__.py first seen with mtime 1701712589.0
File C:\Users\KIIT\anaconda3\Lib\site-packages\typing_extensions.py first seen with mtime 1690298027.0
File C:\Users\KIIT\anaconda3\Lib\importlib\metadata\_collections.py first seen with mtime 1701712589.0
File C:\Users\KIIT\anaconda3\Lib\asyncio\format_helpers.py first seen with mtime 1701712589.0
File C:\Users\KIIT\anaconda3\Lib\site-packages\django\views\generic\edit.py first seen with mtime 1726758997.0873725
File C:\Users\KIIT\anaconda3\Lib\email\contentmanager.py first seen with mtime 1701712589.0
File C:\Users\KIIT\anaconda3\Lib\email\parser.py first seen with mtime 1701712589.0
File C:\Users\KIIT\anaconda3\Lib\importlib\__init__.py first seen with mtime 1701712589.0
File C:\Users\KIIT\anaconda3\Lib\site-packages\sqlparse\engine\filter_stack.py first seen with mtime 1726758990.4195774
File C:\Users\KIIT\anaconda3\Lib\site-packages\django\template\loaders\cached.py first seen with mtime 1726758996.9743383
File C:\Users\KIIT\anaconda3\Lib\site-packages\cryptography\__about__.py first seen with mtime 1702072972.7872648
File C:\Users\KIIT\anaconda3\Lib\site-packages\django\db\backends\base\operations.py first seen with mtime 1726758996.6452043
File C:\Users\KIIT\anaconda3\Lib\locale.py first seen with mtime 1701712589.0
File C:\Users\KIIT\anaconda3\Lib\site-packages\urllib3\http2\probe.py first seen with mtime 1728135426.81836
File C:\Users\KIIT\anaconda3\Lib\site-packages\cryptography\hazmat\primitives\asymmetric\ed25519.py first seen with mtime 1702072972.8664348
File C:\Users\KIIT\anaconda3\Lib\logging\handlers.py first seen with mtime 1701712589.0
File C:\Users\KIIT\anaconda3\Lib\inspect.py first seen with mtime 1701712589.0
File C:\Users\KIIT\anaconda3\Lib\site-packages\django\conf\global_settings.py first seen with mtime 1726758990.7430944
File C:\Users\KIIT\anaconda3\Lib\site-packages\google\auth\__init__.py first seen with mtime 1706241651.6278114
File C:\Users\KIIT\anaconda3\Lib\site-packages\cryptography\hazmat\backends\openssl\cmac.py first seen with mtime 1702072972.8037832
File C:\Users\KIIT\anaconda3\Lib\site-packages\django\contrib\admin\options.py first seen with mtime 1726758991.4083152
File C:\Users\KIIT\anaconda3\Lib\site-packages\chardet\langturkishmodel.py first seen with mtime 1676436166.0
File C:\Users\KIIT\anaconda3\Lib\zoneinfo\__init__.py first seen with mtime 1701712589.0
File C:\Users\KIIT\anaconda3\Lib\site-packages\django\core\files\uploadhandler.py first seen with mtime 1726758996.536647
File C:\Users\KIIT\anaconda3\Lib\site-packages\django\db\models\sql\constants.py first seen with mtime 1726758996.790222
File C:\Users\KIIT\anaconda3\Lib\site-packages\django\contrib\contenttypes\fields.py first seen with mtime 1726758993.309864
File C:\Users\KIIT\anaconda3\Lib\selectors.py first seen with mtime 1701712589.0
File C:\Users\KIIT\anaconda3\Lib\site-packages\google\auth\_refresh_worker.py first seen with mtime 1706241651.6411467
File C:\Users\KIIT\anaconda3\Lib\site-packages\django\contrib\messages\utils.py first seen with mtime 1726758995.146753
File C:\Users\KIIT\anaconda3\Lib\site-packages\urllib3\connectionpool.py first seen with mtime 1728135426.7964952
File C:\Users\KIIT\anaconda3\Lib\site-packages\django\contrib\contenttypes\admin.py first seen with mtime 1726758993.306381
File C:\Users\KIIT\anaconda3\Lib\re\_compiler.py first seen with mtime 1701712589.0
File C:\Users\KIIT\anaconda3\Lib\asyncio\queues.py first seen with mtime 1701712589.0
File C:\Users\KIIT\anaconda3\Lib\site-packages\idna\__init__.py first seen with mtime 1728135430.0590365
File C:\Users\KIIT\anaconda3\Lib\site-packages\django\core\files\storage\mixins.py first seen with mtime 1726758996.5448108
File C:\Users\KIIT\anaconda3\Lib\site-packages\django\core\checks\registry.py first seen with mtime 1726758996.5098474
File C:\Users\KIIT\anaconda3\Lib\site-packages\django\core\checks\async_checks.py first seen with mtime 1726758996.5098474
File C:\Users\KIIT\anaconda3\Lib\site-packages\django\templatetags\tz.py first seen with mtime 1726758996.98685
File C:\Users\KIIT\anaconda3\Lib\site-packages\django\utils\autoreload.py first seen with mtime 1726758997.0104196
File C:\Users\KIIT\anaconda3\Lib\site-packages\django\db\migrations\utils.py first seen with mtime 1726758996.73145
File C:\Users\KIIT\anaconda3\Lib\site-packages\google\auth\version.py first seen with mtime 1706241651.6572127
File C:\Users\KIIT\anaconda3\Lib\ast.py first seen with mtime 1701712589.0
File C:\Users\KIIT\anaconda3\Lib\concurrent\futures\thread.py first seen with mtime 1701712589.0
File C:\Users\KIIT\anaconda3\Lib\site-packages\django\forms\boundfield.py first seen with mtime 1726758996.8030572
File C:\Users\KIIT\anaconda3\Lib\site-packages\django\contrib\auth\models.py first seen with mtime 1726758992.7817729
File C:\Users\KIIT\anaconda3\Lib\site-packages\chardet\escprober.py first seen with mtime 1676436166.0
File C:\Users\KIIT\anaconda3\Lib\site-packages\pkg_resources\_vendor\packaging\version.py first seen with mtime 1687189957.0
File C:\Users\KIIT\anaconda3\Lib\site-packages\django\utils\translation\reloader.py first seen with mtime 1726758997.0569296
File C:\Users\KIIT\anaconda3\Lib\site-packages\razorpay\resources\webhook.py first seen with mtime 1727765952.2500837
File C:\Users\KIIT\anaconda3\DLLs\unicodedata.pyd first seen with mtime 1702663623.379492
File C:\Users\KIIT\anaconda3\Lib\email\policy.py first seen with mtime 1701712589.0
File C:\Users\KIIT\anaconda3\Lib\site-packages\django\template\engine.py first seen with mtime 1726758996.9464252
File C:\Users\KIIT\anaconda3\Lib\site-packages\bcrypt\__init__.py first seen with mtime 1676435206.0
File C:\Users\KIIT\anaconda3\Lib\site-packages\chardet\big5prober.py first seen with mtime 1676436166.0
File C:\Users\KIIT\anaconda3\Lib\site-packages\django\middleware\cache.py first seen with mtime 1726758996.9333808
File C:\Users\KIIT\anaconda3\Lib\asyncio\protocols.py first seen with mtime 1701712589.0
File C:\Users\KIIT\anaconda3\Lib\site-packages\cryptography\hazmat\bindings\_rust.pyd first seen with mtime 1702072972.819505
File C:\Users\KIIT\anaconda3\Lib\asyncio\log.py first seen with mtime 1701712589.0
File C:\Users\KIIT\anaconda3\Lib\site-packages\django\contrib\auth\decorators.py first seen with mtime 1726758992.7743692
File C:\Users\KIIT\anaconda3\Lib\site-packages\chardet\__init__.py first seen with mtime 1676436166.0
File C:\Users\KIIT\anaconda3\Lib\site-packages\django\template\smartif.py first seen with mtime 1726758996.9603984
File C:\Users\KIIT\anaconda3\Lib\site-packages\django\db\models\constants.py first seen with mtime 1726758996.7474592
File C:\Users\KIIT\anaconda3\Lib\site-packages\urllib3\util\proxy.py first seen with mtime 1728135426.81836
File C:\Users\KIIT\anaconda3\Lib\site-packages\PIL\__init__.py first seen with mtime 1696580339.5102007
File C:\Users\KIIT\anaconda3\Lib\site-packages\idna\package_data.py first seen with mtime 1728135430.0673406
File C:\Users\KIIT\anaconda3\Lib\site-packages\chardet\sbcsgroupprober.py first seen with mtime 1676436166.0
File C:\Users\KIIT\anaconda3\Lib\nturl2path.py first seen with mtime 1701712589.0
File C:\Users\KIIT\anaconda3\Lib\email\message.py first seen with mtime 1701712589.0
File C:\Users\KIIT\anaconda3\Lib\asyncio\base_futures.py first seen with mtime 1701712589.0
File C:\Users\KIIT\anaconda3\Lib\site-packages\psycopg2\__init__.py first seen with mtime 1728136737.6141539
File C:\Users\KIIT\anaconda3\Lib\site-packages\chardet\gb2312freq.py first seen with mtime 1676436166.0
File C:\Users\KIIT\anaconda3\Lib\site-packages\pkg_resources\_vendor\packaging\_tokenizer.py first seen with mtime 1687189957.0
File C:\Users\KIIT\anaconda3\Lib\site-packages\django\contrib\auth\validators.py first seen with mtime 1726758992.7940166
File C:\Users\KIIT\anaconda3\Lib\site-packages\urllib3\util\ssltransport.py first seen with mtime 1728135426.8300495
File C:\Users\KIIT\anaconda3\Lib\site-packages\django\urls\resolvers.py first seen with mtime 1726758997.0011861
File C:\Users\KIIT\AppData\Roaming\Python\Python311\site-packages\colorama\ansitowin32.py first seen with mtime 1706013962.9132197
File C:\Users\KIIT\anaconda3\Lib\site-packages\django\db\models\fields\reverse_related.py first seen with mtime 1726758996.77672
File C:\Users\KIIT\anaconda3\Lib\email\quoprimime.py first seen with mtime 1701712589.0
File C:\Users\KIIT\anaconda3\Lib\site-packages\django\contrib\admin\views\__init__.py first seen with mtime 1726758992.3803823
File C:\Users\KIIT\anaconda3\Lib\site-packages\chardet\version.py first seen with mtime 1676436166.0
File C:\Users\KIIT\anaconda3\Lib\site-packages\django\db\models\sql\where.py first seen with mtime 1726758996.7970152
File C:\Users\KIIT\OneDrive\Desktop\DJANGO\myproject\products\apps.py first seen with mtime 1727680102.9332354
File C:\Users\KIIT\anaconda3\Lib\site-packages\django\utils\log.py first seen with mtime 1726758997.0399158
File C:\Users\KIIT\anaconda3\Lib\http\cookiejar.py first seen with mtime 1701712589.0
File C:\Users\KIIT\anaconda3\Lib\site-packages\pkg_resources\_vendor\more_itertools\more.py first seen with mtime 1687189957.0
File C:\Users\KIIT\anaconda3\Lib\site-packages\django\utils\deprecation.py first seen with mtime 1726758997.027967
File C:\Users\KIIT\anaconda3\Lib\sysconfig.py first seen with mtime 1702663443.4873862
File C:\Users\KIIT\anaconda3\Lib\site-packages\requests\adapters.py first seen with mtime 1690400596.0
File C:\Users\KIIT\anaconda3\Lib\site-packages\urllib3\_request_methods.py first seen with mtime 1728135426.791723
File C:\Users\KIIT\anaconda3\Lib\site-packages\django\http\cookie.py first seen with mtime 1726758996.9264445
File C:\Users\KIIT\anaconda3\Lib\site-packages\cryptography\hazmat\primitives\asymmetric\rsa.py first seen with mtime 1702072972.8664348
File C:\Users\KIIT\anaconda3\Lib\site-packages\django\utils\encoding.py first seen with mtime 1726758997.027967
File C:\Users\KIIT\anaconda3\Lib\stringprep.py first seen with mtime 1701712589.0
File C:\Users\KIIT\anaconda3\Lib\email\_parseaddr.py first seen with mtime 1701712589.0
File C:\Users\KIIT\anaconda3\Lib\site-packages\django\db\models\functions\comparison.py first seen with mtime 1726758996.7788353
File C:\Users\KIIT\anaconda3\Lib\site-packages\django\db\models\functions\datetime.py first seen with mtime 1726758996.7788353
File C:\Users\KIIT\anaconda3\Lib\collections\__init__.py first seen with mtime 1701712589.0
File C:\Users\KIIT\anaconda3\Lib\site-packages\PIL\Image.py first seen with mtime 1696580339.440614
File C:\Users\KIIT\anaconda3\Lib\site-packages\django\contrib\messages\api.py first seen with mtime 1726758995.139621
File C:\Users\KIIT\anaconda3\Lib\site-packages\django\db\backends\postgresql\operations.py first seen with mtime 1726758996.6965423
File C:\Users\KIIT\anaconda3\Lib\urllib\parse.py first seen with mtime 1701712589.0
File C:\Users\KIIT\anaconda3\Lib\site-packages\django\utils\cache.py first seen with mtime 1726758997.01644
File C:\Users\KIIT\anaconda3\Lib\site-packages\django\core\files\locks.py first seen with mtime 1726758996.5274994
File C:\Users\KIIT\anaconda3\Lib\urllib\request.py first seen with mtime 1701712589.0
File C:\Users\KIIT\anaconda3\Lib\site-packages\urllib3\_version.py first seen with mtime 1728135426.791723
File C:\Users\KIIT\anaconda3\Lib\site-packages\google\auth\environment_vars.py first seen with mtime 1706241651.6478765
File C:\Users\KIIT\anaconda3\Lib\site-packages\google\oauth2\challenges.py first seen with mtime 1706241651.6781895
File C:\Users\KIIT\anaconda3\Lib\site-packages\bcrypt\__about__.py first seen with mtime 1676435206.0
File C:\Users\KIIT\anaconda3\Lib\site-packages\urllib3\util\connection.py first seen with mtime 1728135426.81836
File C:\Users\KIIT\anaconda3\Lib\site-packages\django\urls\utils.py first seen with mtime 1726758997.0057323
File C:\Users\KIIT\anaconda3\DLLs\select.pyd first seen with mtime 1702663621.1872587
File C:\Users\KIIT\anaconda3\Lib\site-packages\django\db\backends\postgresql\psycopg_any.py first seen with mtime 1726758996.6975956
File C:\Users\KIIT\anaconda3\Lib\html\entities.py first seen with mtime 1701712589.0
File C:\Users\KIIT\AppData\Roaming\Python\Python311\site-packages\six.py first seen with mtime 1706013944.989743
File C:\Users\KIIT\anaconda3\Lib\xml\etree\ElementTree.py first seen with mtime 1701712589.0
File C:\Users\KIIT\anaconda3\Lib\site-packages\django\contrib\sites\requests.py first seen with mtime 1726758996.0979905
File C:\Users\KIIT\anaconda3\Lib\site-packages\django\templatetags\__init__.py first seen with mtime 1726758996.9770837
File C:\Users\KIIT\anaconda3\Lib\site-packages\django\core\management\commands\__init__.py first seen with mtime 1726758996.57841
File C:\Users\KIIT\anaconda3\Lib\site-packages\django\core\files\storage\__init__.py first seen with mtime 1726758996.5376885
File C:\Users\KIIT\anaconda3\Lib\site-packages\django\contrib\staticfiles\utils.py first seen with mtime 1726758996.4716005
File C:\Users\KIIT\anaconda3\Lib\site-packages\pytz\tzinfo.py first seen with mtime 1695132108.0
File C:\Users\KIIT\anaconda3\Lib\site-packages\urllib3\util\ssl_.py first seen with mtime 1728135426.8300495
File C:\Users\KIIT\anaconda3\Lib\site-packages\django\contrib\auth\admin.py first seen with mtime 1726758992.7656608
File C:\Users\KIIT\anaconda3\Lib\importlib\metadata\_meta.py first seen with mtime 1701712589.0
File C:\Users\KIIT\anaconda3\Lib\site-packages\cryptography\hazmat\backends\openssl\__init__.py first seen with mtime 1702072972.8037832
File C:\Users\KIIT\anaconda3\Lib\site-packages\zope\__init__.py first seen with mtime 1676418023.0
File C:\Users\KIIT\anaconda3\Lib\site-packages\django\apps\registry.py first seen with mtime 1726758990.7430944
File C:\Users\KIIT\anaconda3\Lib\site-packages\cryptography\hazmat\backends\openssl\ec.py first seen with mtime 1702072972.8037832
File C:\Users\KIIT\anaconda3\Lib\asyncio\exceptions.py first seen with mtime 1701712589.0
File C:\Users\KIIT\anaconda3\Lib\site-packages\razorpay\resources\subscription.py first seen with mtime 1727765952.2454245
File C:\Users\KIIT\anaconda3\Lib\site-packages\chardet\jpcntx.py first seen with mtime 1676436166.0
File C:\Users\KIIT\anaconda3\Lib\site-packages\django\core\management\base.py first seen with mtime 1726758996.5676405
File C:\Users\KIIT\anaconda3\Lib\site-packages\django\core\servers\__init__.py first seen with mtime 1726758996.6220267
File C:\Users\KIIT\anaconda3\Lib\re\_casefix.py first seen with mtime 1701712589.0
File C:\Users\KIIT\anaconda3\Lib\site-packages\django\utils\regex_helper.py first seen with mtime 1726758997.0465727
File C:\Users\KIIT\anaconda3\Lib\zipfile.py first seen with mtime 1701712589.0
File C:\Users\KIIT\anaconda3\Lib\asyncio\taskgroups.py first seen with mtime 1701712589.0
File C:\Users\KIIT\anaconda3\Lib\site-packages\bcrypt\_bcrypt.pyd first seen with mtime 1676435206.0
File C:\Users\KIIT\anaconda3\Lib\site-packages\chardet\euctwfreq.py first seen with mtime 1676436166.0
File C:\Users\KIIT\anaconda3\Lib\site-packages\cryptography\hazmat\primitives\ciphers\modes.py first seen with mtime 1702072972.8828304
File C:\Users\KIIT\anaconda3\Lib\site-packages\django\contrib\admin\models.py first seen with mtime 1726758991.4066904
File C:\Users\KIIT\anaconda3\Lib\site-packages\django\core\validators.py first seen with mtime 1726758996.4898
File C:\Users\KIIT\anaconda3\Lib\site-packages\urllib3\filepost.py first seen with mtime 1728135426.7964952
File C:\Users\KIIT\anaconda3\Lib\site-packages\zstandard\__init__.py first seen with mtime 1667084154.0
File C:\Users\KIIT\anaconda3\Lib\site-packages\razorpay\constants\url.py first seen with mtime 1727765952.2168226
File C:\Users\KIIT\anaconda3\Lib\urllib\response.py first seen with mtime 1701712589.0
File C:\Users\KIIT\anaconda3\Lib\site-packages\chardet\langthaimodel.py first seen with mtime 1676436166.0
File C:\Users\KIIT\anaconda3\Lib\site-packages\django\contrib\staticfiles\finders.py first seen with mtime 1726758996.4680328
File C:\Users\KIIT\anaconda3\Lib\asyncio\base_events.py first seen with mtime 1701712589.0
File C:\Users\KIIT\anaconda3\Lib\site-packages\PIL\_util.py first seen with mtime 1696580339.5107431
File C:\Users\KIIT\anaconda3\Lib\contextvars.py first seen with mtime 1701712589.0
File C:\Users\KIIT\anaconda3\Lib\site-packages\pkg_resources\extern\__init__.py first seen with mtime 1687189957.0
File C:\Users\KIIT\anaconda3\Lib\site-packages\django\db\models\fields\json.py first seen with mtime 1726758996.769647
File C:\Users\KIIT\anaconda3\Lib\wsgiref\util.py first seen with mtime 1701712589.0
File C:\Users\KIIT\anaconda3\Lib\site-packages\chardet\eucjpprober.py first seen with mtime 1676436166.0
File C:\Users\KIIT\anaconda3\Lib\site-packages\django\conf\urls\static.py first seen with mtime 1726758991.3906
File C:\Users\KIIT\anaconda3\Lib\site-packages\idna\idnadata.py first seen with mtime 1728135430.064369
File C:\Users\KIIT\anaconda3\Lib\site-packages\certifi\__init__.py first seen with mtime 1700501879.997474
File C:\Users\KIIT\anaconda3\Lib\importlib\metadata\_functools.py first seen with mtime 1701712589.0
File C:\Users\KIIT\anaconda3\Lib\hmac.py first seen with mtime 1701712589.0
File C:\Users\KIIT\OneDrive\Desktop\DJANGO\myproject\templates\cart.html first seen with mtime 1727695786.6768124
File C:\Users\KIIT\OneDrive\Desktop\DJANGO\myproject\templates\catering.html first seen with mtime 1727383652.4447377
File C:\Users\KIIT\OneDrive\Desktop\DJANGO\myproject\templates\checkout.html first seen with mtime 1727962611.4106467
File C:\Users\KIIT\OneDrive\Desktop\DJANGO\myproject\templates\chef_special.html first seen with mtime 1727383112.180049
File C:\Users\KIIT\OneDrive\Desktop\DJANGO\myproject\templates\home.html first seen with mtime 1728014630.7720296
File C:\Users\KIIT\OneDrive\Desktop\DJANGO\myproject\templates\login.html first seen with mtime 1727750600.5187545
File C:\Users\KIIT\OneDrive\Desktop\DJANGO\myproject\templates\order_confirmation.html first seen with mtime 1727964637.5149417
File C:\Users\KIIT\OneDrive\Desktop\DJANGO\myproject\templates\order_management_dashboard.html first seen with mtime 1727920749.113526
File C:\Users\KIIT\OneDrive\Desktop\DJANGO\myproject\templates\order_product.html first seen with mtime 1727672910.9090254
File C:\Users\KIIT\OneDrive\Desktop\DJANGO\myproject\templates\our_story.html first seen with mtime 1728012273.0164864
File C:\Users\KIIT\OneDrive\Desktop\DJANGO\myproject\templates\product_list.html first seen with mtime 1727380134.2647724
File C:\Users\KIIT\OneDrive\Desktop\DJANGO\myproject\templates\profile.html first seen with mtime 1728014559.616343
File C:\Users\KIIT\OneDrive\Desktop\DJANGO\myproject\templates\registration.html first seen with mtime 1728013957.4641018
File C:\Users\KIIT\OneDrive\Desktop\DJANGO\myproject\templates\test.html first seen with mtime 1727386748.2251232
File C:\Users\KIIT\OneDrive\Desktop\DJANGO\myproject\templates\verify_otp.html first seen with mtime 1727706657.3704748
File C:\Users\KIIT\anaconda3\Lib\site-packages\django\contrib\sessions\backends\db.py first seen with mtime 1726758995.7666662
File C:\Users\KIIT\OneDrive\Desktop\DJANGO\myproject\products\migrations\0001_initial.py first seen with mtime 1727681465.8044393
File C:\Users\KIIT\anaconda3\Lib\site-packages\django\db\migrations\graph.py first seen with mtime 1726758996.723284
File C:\Users\KIIT\anaconda3\Lib\site-packages\django\contrib\auth\migrations\0005_alter_user_last_login_null.py first seen with mtime 1726758993.2823663
File C:\Users\KIIT\OneDrive\Desktop\DJANGO\myproject\myproject\wsgi.py first seen with mtime 1727295232.1997757
File C:\Users\KIIT\anaconda3\Lib\site-packages\django\contrib\messages\middleware.py first seen with mtime 1726758995.1443918
File C:\Users\KIIT\anaconda3\Lib\site-packages\django\middleware\security.py first seen with mtime 1726758996.941575
File C:\Users\KIIT\anaconda3\Lib\site-packages\django\contrib\sessions\migrations\__init__.py first seen with mtime 1726758996.07994
File C:\Users\KIIT\anaconda3\Lib\site-packages\django\db\migrations\recorder.py first seen with mtime 1726758996.7273374
File C:\Users\KIIT\anaconda3\Lib\site-packages\django\contrib\auth\migrations\0003_alter_user_email_max_length.py first seen with mtime 1726758993.2823663
File C:\Users\KIIT\OneDrive\Desktop\DJANGO\myproject\home\migrations\0001_initial.py first seen with mtime 1727360532.023756
File C:\Users\KIIT\anaconda3\Lib\site-packages\cffi\__init__.py first seen with mtime 1700254583.8090312
File C:\Users\KIIT\anaconda3\Lib\site-packages\django\contrib\contenttypes\migrations\0001_initial.py first seen with mtime 1726758993.80295
File C:\Users\KIIT\OneDrive\Desktop\DJANGO\myproject\home\migrations\0005_rename_added_at_cart_created_at_remove_cart_product_and_more.py first seen with mtime 1727672247.0473466
File C:\Users\KIIT\anaconda3\Lib\site-packages\whitenoise\string_utils.py first seen with mtime 1728017874.8451176
File C:\Users\KIIT\anaconda3\Lib\site-packages\django\contrib\auth\views.py first seen with mtime 1726758992.7940166
File C:\Users\KIIT\anaconda3\Lib\site-packages\django\contrib\auth\migrations\0001_initial.py first seen with mtime 1726758993.2764142
File C:\Users\KIIT\anaconda3\Lib\site-packages\whitenoise\__init__.py first seen with mtime 1728017874.8296263
File C:\Users\KIIT\anaconda3\Lib\site-packages\whitenoise\middleware.py first seen with mtime 1728017874.8405585
File C:\Users\KIIT\OneDrive\Desktop\DJANGO\myproject\products\migrations\__init__.py first seen with mtime 1727680101.5182948
File C:\Users\KIIT\anaconda3\Lib\site-packages\django\contrib\auth\migrations\0009_alter_user_last_name_max_length.py first seen with mtime 1726758993.2903793
File C:\Users\KIIT\OneDrive\Desktop\DJANGO\myproject\home\migrations\0003_userprofile_email_cart.py first seen with mtime 1727667821.5149531
File C:\Users\KIIT\anaconda3\Lib\site-packages\whitenoise\responders.py first seen with mtime 1728017874.8440864
File C:\Users\KIIT\anaconda3\Lib\site-packages\PIL\_imaging.cp311-win_amd64.pyd first seen with mtime 1696580339.5107431
File C:\Users\KIIT\OneDrive\Desktop\DJANGO\myproject\home\migrations\0007_otp.py first seen with mtime 1727709058.1279085
File C:\Users\KIIT\anaconda3\Lib\site-packages\django\contrib\contenttypes\migrations\0002_remove_content_type_name.py first seen with mtime 1726758993.8064795
File C:\Users\KIIT\anaconda3\Lib\site-packages\django\contrib\sessions\exceptions.py first seen with mtime 1726758995.7571661
File C:\Users\KIIT\anaconda3\Lib\site-packages\django\db\migrations\loader.py first seen with mtime 1726758996.7242975
File C:\Users\KIIT\anaconda3\Lib\site-packages\django\views\csrf.py first seen with mtime 1726758997.0668137
File C:\Users\KIIT\anaconda3\Lib\site-packages\cffi\error.py first seen with mtime 1700254583.8246648
File C:\Users\KIIT\OneDrive\Desktop\DJANGO\myproject\home\migrations\0004_cartitem.py first seen with mtime 1727670196.8841004
File C:\Users\KIIT\anaconda3\Lib\site-packages\django\contrib\staticfiles\storage.py first seen with mtime 1726758996.4705887
File C:\Users\KIIT\OneDrive\Desktop\DJANGO\myproject\home\migrations\__init__.py first seen with mtime 1727295406.8311534
File C:\Users\KIIT\anaconda3\Lib\site-packages\django\contrib\sessions\middleware.py first seen with mtime 1726758995.7606466
File C:\Users\KIIT\anaconda3\Lib\site-packages\cffi\lock.py first seen with mtime 1700254583.8246648
File C:\Users\KIIT\anaconda3\Lib\site-packages\django\contrib\admin\migrations\0002_logentry_remove_auto_add.py first seen with mtime 1726758992.0547578
File C:\Users\KIIT\anaconda3\Lib\site-packages\django\contrib\admin\migrations\0001_initial.py first seen with mtime 1726758992.0547578
File C:\Users\KIIT\anaconda3\Lib\site-packages\django\contrib\contenttypes\migrations\__init__.py first seen with mtime 1726758993.8064795
File C:\Users\KIIT\anaconda3\Lib\site-packages\django\contrib\auth\migrations\__init__.py first seen with mtime 1726758993.296624
File C:\Users\KIIT\anaconda3\Lib\site-packages\django\contrib\auth\migrations\0010_alter_group_name_max_length.py first seen with mtime 1726758993.2903793
File C:\Users\KIIT\anaconda3\Lib\site-packages\django\contrib\auth\migrations\0011_update_proxy_permissions.py first seen with mtime 1726758993.2903793
File C:\Users\KIIT\anaconda3\Lib\site-packages\django\contrib\auth\middleware.py first seen with mtime 1726758992.7817729
File C:\Users\KIIT\anaconda3\Lib\site-packages\django\contrib\auth\migrations\0012_alter_user_first_name_max_length.py first seen with mtime 1726758993.296624
File C:\Users\KIIT\anaconda3\Lib\site-packages\django\middleware\common.py first seen with mtime 1726758996.935831
File C:\Users\KIIT\anaconda3\Lib\site-packages\django\contrib\auth\migrations\0004_alter_user_username_opts.py first seen with mtime 1726758993.2823663
File C:\Users\KIIT\anaconda3\Lib\site-packages\django\contrib\sessions\backends\__init__.py first seen with mtime 1726758995.7666662
File C:\Users\KIIT\OneDrive\Desktop\DJANGO\myproject\home\migrations\0002_order_userprofile.py first seen with mtime 1727447381.5014248
File C:\Users\KIIT\OneDrive\Desktop\DJANGO\myproject\home\migrations\0009_alter_order_payment_method.py first seen with mtime 1727921838.1403604
File C:\Users\KIIT\anaconda3\Lib\site-packages\whitenoise\media_types.py first seen with mtime 1728017874.8405585
File C:\Users\KIIT\anaconda3\Lib\site-packages\whitenoise\base.py first seen with mtime 1728017874.8369632
File C:\Users\KIIT\anaconda3\Lib\site-packages\cffi\api.py first seen with mtime 1700254583.8246648
File C:\Users\KIIT\anaconda3\Lib\site-packages\django\contrib\sessions\migrations\0001_initial.py first seen with mtime 1726758996.07994
File C:\Users\KIIT\anaconda3\Lib\site-packages\django\middleware\clickjacking.py first seen with mtime 1726758996.9333808
File C:\Users\KIIT\anaconda3\Lib\site-packages\django\contrib\auth\backends.py first seen with mtime 1726758992.7656608
File C:\Users\KIIT\anaconda3\Lib\site-packages\cffi\model.py first seen with mtime 1700254583.8246648
File C:\Users\KIIT\OneDrive\Desktop\DJANGO\myproject\home\migrations\0010_alter_order_payment_method_alter_userprofile_email.py first seen with mtime 1727928817.8342392
File C:\Users\KIIT\anaconda3\Lib\site-packages\django\contrib\auth\migrations\0006_require_contenttypes_0002.py first seen with mtime 1726758993.2823663
File C:\Users\KIIT\anaconda3\Lib\site-packages\django\contrib\sessions\backends\base.py first seen with mtime 1726758995.7666662
File C:\Users\KIIT\anaconda3\Lib\site-packages\django\contrib\auth\migrations\0007_alter_validators_add_error_messages.py first seen with mtime 1726758993.2823663
File C:\Users\KIIT\OneDrive\Desktop\DJANGO\myproject\home\migrations\0006_rename_order_date_order_created_at_and_more.py first seen with mtime 1727681465.8678954
File C:\Users\KIIT\anaconda3\Lib\site-packages\django\contrib\auth\migrations\0002_alter_permission_name_max_length.py first seen with mtime 1726758993.2823663
File C:\Users\KIIT\anaconda3\Lib\site-packages\django\db\migrations\executor.py first seen with mtime 1726758996.7206726
File C:\Users\KIIT\anaconda3\Lib\site-packages\django\contrib\admin\migrations\__init__.py first seen with mtime 1726758992.0547578
File C:\Users\KIIT\OneDrive\Desktop\DJANGO\myproject\home\migrations\0008_order_status_delete_otp.py first seen with mtime 1727875138.5586307
File C:\Users\KIIT\anaconda3\Lib\site-packages\django\contrib\admin\migrations\0003_logentry_add_action_flag_choices.py first seen with mtime 1726758992.0547578
File C:\Users\KIIT\anaconda3\Lib\site-packages\django\contrib\auth\migrations\0008_alter_user_username_max_length.py first seen with mtime 1726758993.2903793
File C:\Users\KIIT\anaconda3\Lib\site-packages\django\core\cache\backends\locmem.py first seen with mtime 1726758996.5036669
"GET / HTTP/1.1" 200 7156
Exception while resolving variable 'name' in template 'unknown'.
Traceback (most recent call last):
  File "C:\Users\KIIT\anaconda3\Lib\site-packages\django\core\handlers\exception.py", line 55, in inner
    response = get_response(request)
               ^^^^^^^^^^^^^^^^^^^^^
  File "C:\Users\KIIT\anaconda3\Lib\site-packages\django\core\handlers\base.py", line 181, in _get_response
    callback, callback_args, callback_kwargs = self.resolve_request(request)
                                               ^^^^^^^^^^^^^^^^^^^^^^^^^^^^^
  File "C:\Users\KIIT\anaconda3\Lib\site-packages\django\core\handlers\base.py", line 313, in resolve_request
    resolver_match = resolver.resolve(request.path_info)
                     ^^^^^^^^^^^^^^^^^^^^^^^^^^^^^^^^^^^
  File "C:\Users\KIIT\anaconda3\Lib\site-packages\django\urls\resolvers.py", line 705, in resolve
    raise Resolver404({"tried": tried, "path": new_path})
django.urls.exceptions.Resolver404: {'tried': [[<URLResolver <URLPattern list> (admin:admin) 'admin/'>], [<URLResolver <module 'home.urls' from 'C:\\Users\\KIIT\\OneDrive\\Desktop\\DJANGO\\myproject\\home\\urls.py'> (None:None) ''>, <URLPattern '' [name='home']>], [<URLResolver <module 'home.urls' from 'C:\\Users\\KIIT\\OneDrive\\Desktop\\DJANGO\\myproject\\home\\urls.py'> (None:None) ''>, <URLPattern 'home/' [name='home']>], [<URLResolver <module 'home.urls' from 'C:\\Users\\KIIT\\OneDrive\\Desktop\\DJANGO\\myproject\\home\\urls.py'> (None:None) ''>, <URLPattern 'login/' [name='login']>], [<URLResolver <module 'home.urls' from 'C:\\Users\\KIIT\\OneDrive\\Desktop\\DJANGO\\myproject\\home\\urls.py'> (None:None) ''>, <URLPattern 'registration/' [name='registration']>], [<URLResolver <module 'home.urls' from 'C:\\Users\\KIIT\\OneDrive\\Desktop\\DJANGO\\myproject\\home\\urls.py'> (None:None) ''>, <URLPattern 'products/' [name='product_list']>], [<URLResolver <module 'home.urls' from 'C:\\Users\\KIIT\\OneDrive\\Desktop\\DJANGO\\myproject\\home\\urls.py'> (None:None) ''>, <URLPattern 'order/<int:id>/' [name='order_product']>], [<URLResolver <module 'home.urls' from 'C:\\Users\\KIIT\\OneDrive\\Desktop\\DJANGO\\myproject\\home\\urls.py'> (None:None) ''>, <URLPattern 'our_story/' [name='our_story']>], [<URLResolver <module 'home.urls' from 'C:\\Users\\KIIT\\OneDrive\\Desktop\\DJANGO\\myproject\\home\\urls.py'> (None:None) ''>, <URLPattern 'chef_special/' [name='chef_special']>], [<URLResolver <module 'home.urls' from 'C:\\Users\\KIIT\\OneDrive\\Desktop\\DJANGO\\myproject\\home\\urls.py'> (None:None) ''>, <URLPattern 'catering/' [name='catering']>], [<URLResolver <module 'home.urls' from 'C:\\Users\\KIIT\\OneDrive\\Desktop\\DJANGO\\myproject\\home\\urls.py'> (None:None) ''>, <URLPattern 'profile/' [name='profile']>], [<URLResolver <module 'home.urls' from 'C:\\Users\\KIIT\\OneDrive\\Desktop\\DJANGO\\myproject\\home\\urls.py'> (None:None) ''>, <URLPattern 'cart/' [name='cart']>], [<URLResolver <module 'home.urls' from 'C:\\Users\\KIIT\\OneDrive\\Desktop\\DJANGO\\myproject\\home\\urls.py'> (None:None) ''>, <URLPattern 'add-to-cart/' [name='add_to_cart']>], [<URLResolver <module 'home.urls' from 'C:\\Users\\KIIT\\OneDrive\\Desktop\\DJANGO\\myproject\\home\\urls.py'> (None:None) ''>, <URLPattern 'update-cart-item/<int:item_id>/' [name='update_cart_item']>], [<URLResolver <module 'home.urls' from 'C:\\Users\\KIIT\\OneDrive\\Desktop\\DJANGO\\myproject\\home\\urls.py'> (None:None) ''>, <URLPattern 'order-confirmation/<int:order_id>/' [name='order_confirmation']>], [<URLResolver <module 'home.urls' from 'C:\\Users\\KIIT\\OneDrive\\Desktop\\DJANGO\\myproject\\home\\urls.py'> (None:None) ''>, <URLPattern 'checkout/' [name='checkout']>], [<URLResolver <module 'home.urls' from 'C:\\Users\\KIIT\\OneDrive\\Desktop\\DJANGO\\myproject\\home\\urls.py'> (None:None) ''>, <URLPattern 'payment-success/' [name='payment_success']>], [<URLResolver <module 'home.urls' from 'C:\\Users\\KIIT\\OneDrive\\Desktop\\DJANGO\\myproject\\home\\urls.py'> (None:None) ''>, <URLPattern 'dashboard/orders/' [name='order_management_dashboard']>], [<URLResolver <module 'home.urls' from 'C:\\Users\\KIIT\\OneDrive\\Desktop\\DJANGO\\myproject\\home\\urls.py'> (None:None) ''>, <URLPattern 'dashboard/orders/change-status/<int:order_id>/' [name='change_order_status']>], [<URLResolver <module 'home.urls' from 'C:\\Users\\KIIT\\OneDrive\\Desktop\\DJANGO\\myproject\\home\\urls.py'> (None:None) ''>, <URLPattern 'dashboard/orders/delete/<int:order_id>/' [name='delete_order']>], [<URLResolver <module 'home.urls' from 'C:\\Users\\KIIT\\OneDrive\\Desktop\\DJANGO\\myproject\\home\\urls.py'> (None:None) ''>, <URLPattern '^static/(?P<path>.*)$'>]], 'path': 'favicon.ico'}

During handling of the above exception, another exception occurred:

Traceback (most recent call last):
  File "C:\Users\KIIT\anaconda3\Lib\site-packages\django\template\base.py", line 883, in _resolve_lookup
    current = current[bit]
              ~~~~~~~^^^^^
TypeError: 'URLResolver' object is not subscriptable

During handling of the above exception, another exception occurred:

Traceback (most recent call last):
  File "C:\Users\KIIT\anaconda3\Lib\site-packages\django\template\base.py", line 893, in _resolve_lookup
    current = getattr(current, bit)
              ^^^^^^^^^^^^^^^^^^^^^
AttributeError: 'URLResolver' object has no attribute 'name'

During handling of the above exception, another exception occurred:

Traceback (most recent call last):
  File "C:\Users\KIIT\anaconda3\Lib\site-packages\django\template\base.py", line 899, in _resolve_lookup
    current = current[int(bit)]
                      ^^^^^^^^
ValueError: invalid literal for int() with base 10: 'name'

During handling of the above exception, another exception occurred:

Traceback (most recent call last):
  File "C:\Users\KIIT\anaconda3\Lib\site-packages\django\template\base.py", line 906, in _resolve_lookup
    raise VariableDoesNotExist(
django.template.base.VariableDoesNotExist: Failed lookup for key [name] in <URLResolver <URLPattern list> (admin:admin) 'admin/'>
Not Found: /favicon.ico
"GET /favicon.ico HTTP/1.1" 404 7611
File C:\Users\KIIT\anaconda3\Lib\site-packages\django\contrib\messages\storage\session.py first seen with mtime 1726758995.1544063
File C:\Users\KIIT\anaconda3\Lib\site-packages\django\contrib\sessions\serializers.py first seen with mtime 1726758995.7621562
File C:\Users\KIIT\anaconda3\Lib\site-packages\django\contrib\messages\context_processors.py first seen with mtime 1726758995.1443918
File C:\Users\KIIT\anaconda3\Lib\site-packages\django\contrib\auth\context_processors.py first seen with mtime 1726758992.7743692
File C:\Users\KIIT\anaconda3\Lib\site-packages\django\template\context_processors.py first seen with mtime 1726758996.9464252
File C:\Users\KIIT\anaconda3\Lib\site-packages\django\contrib\messages\storage\cookie.py first seen with mtime 1726758995.1492715
File C:\Users\KIIT\anaconda3\Lib\site-packages\django\contrib\messages\storage\fallback.py first seen with mtime 1726758995.1492715
"GET /static/VIDEO1.mp4 HTTP/1.1" 304 0
Internal Server Error: /products/
Traceback (most recent call last):
  File "C:\Users\KIIT\anaconda3\Lib\site-packages\django\core\handlers\exception.py", line 55, in inner
    response = get_response(request)
               ^^^^^^^^^^^^^^^^^^^^^
  File "C:\Users\KIIT\anaconda3\Lib\site-packages\django\core\handlers\base.py", line 197, in _get_response
    response = wrapped_callback(request, *callback_args, **callback_kwargs)
               ^^^^^^^^^^^^^^^^^^^^^^^^^^^^^^^^^^^^^^^^^^^^^^^^^^^^^^^^^^^^
  File "C:\Users\KIIT\OneDrive\Desktop\DJANGO\myproject\home\views.py", line 84, in product_list
    return render(request, 'product_list.html', {'products': products})
           ^^^^^^^^^^^^^^^^^^^^^^^^^^^^^^^^^^^^^^^^^^^^^^^^^^^^^^^^^^^^
  File "C:\Users\KIIT\anaconda3\Lib\site-packages\django\shortcuts.py", line 25, in render
    content = loader.render_to_string(template_name, context, request, using=using)
              ^^^^^^^^^^^^^^^^^^^^^^^^^^^^^^^^^^^^^^^^^^^^^^^^^^^^^^^^^^^^^^^^^^^^^
  File "C:\Users\KIIT\anaconda3\Lib\site-packages\django\template\loader.py", line 62, in render_to_string
    return template.render(context, request)
           ^^^^^^^^^^^^^^^^^^^^^^^^^^^^^^^^^
  File "C:\Users\KIIT\anaconda3\Lib\site-packages\django\template\backends\django.py", line 107, in render
    return self.template.render(context)
           ^^^^^^^^^^^^^^^^^^^^^^^^^^^^^
  File "C:\Users\KIIT\anaconda3\Lib\site-packages\django\template\base.py", line 171, in render
    return self._render(context)
           ^^^^^^^^^^^^^^^^^^^^^
  File "C:\Users\KIIT\anaconda3\Lib\site-packages\django\template\base.py", line 163, in _render
    return self.nodelist.render(context)
           ^^^^^^^^^^^^^^^^^^^^^^^^^^^^^
  File "C:\Users\KIIT\anaconda3\Lib\site-packages\django\template\base.py", line 1008, in render
    return SafeString("".join([node.render_annotated(context) for node in self]))
                              ^^^^^^^^^^^^^^^^^^^^^^^^^^^^^^^^^^^^^^^^^^^^^^^^^
  File "C:\Users\KIIT\anaconda3\Lib\site-packages\django\template\base.py", line 1008, in <listcomp>
    return SafeString("".join([node.render_annotated(context) for node in self]))
                               ^^^^^^^^^^^^^^^^^^^^^^^^^^^^^^
  File "C:\Users\KIIT\anaconda3\Lib\site-packages\django\template\base.py", line 969, in render_annotated
    return self.render(context)
           ^^^^^^^^^^^^^^^^^^^^
  File "C:\Users\KIIT\anaconda3\Lib\site-packages\django\template\defaulttags.py", line 199, in render
    len_values = len(values)
                 ^^^^^^^^^^^
  File "C:\Users\KIIT\anaconda3\Lib\site-packages\django\db\models\query.py", line 382, in __len__
    self._fetch_all()
  File "C:\Users\KIIT\anaconda3\Lib\site-packages\django\db\models\query.py", line 1928, in _fetch_all
    self._result_cache = list(self._iterable_class(self))
                         ^^^^^^^^^^^^^^^^^^^^^^^^^^^^^^^^
  File "C:\Users\KIIT\anaconda3\Lib\site-packages\django\db\models\query.py", line 91, in __iter__
    results = compiler.execute_sql(
              ^^^^^^^^^^^^^^^^^^^^^
  File "C:\Users\KIIT\anaconda3\Lib\site-packages\django\db\models\sql\compiler.py", line 1572, in execute_sql
    cursor = self.connection.cursor()
             ^^^^^^^^^^^^^^^^^^^^^^^^
  File "C:\Users\KIIT\anaconda3\Lib\site-packages\django\utils\asyncio.py", line 26, in inner
    return func(*args, **kwargs)
           ^^^^^^^^^^^^^^^^^^^^^
  File "C:\Users\KIIT\anaconda3\Lib\site-packages\django\db\backends\base\base.py", line 320, in cursor
    return self._cursor()
           ^^^^^^^^^^^^^^
  File "C:\Users\KIIT\anaconda3\Lib\site-packages\django\db\backends\base\base.py", line 296, in _cursor
    self.ensure_connection()
  File "C:\Users\KIIT\anaconda3\Lib\site-packages\django\utils\asyncio.py", line 26, in inner
    return func(*args, **kwargs)
           ^^^^^^^^^^^^^^^^^^^^^
  File "C:\Users\KIIT\anaconda3\Lib\site-packages\django\db\backends\base\base.py", line 279, in ensure_connection
    self.connect()
  File "C:\Users\KIIT\anaconda3\Lib\site-packages\django\utils\asyncio.py", line 26, in inner
    return func(*args, **kwargs)
           ^^^^^^^^^^^^^^^^^^^^^
  File "C:\Users\KIIT\anaconda3\Lib\site-packages\django\db\backends\base\base.py", line 255, in connect
    conn_params = self.get_connection_params()
                  ^^^^^^^^^^^^^^^^^^^^^^^^^^^^
  File "C:\Users\KIIT\anaconda3\Lib\site-packages\django\db\backends\postgresql\base.py", line 241, in get_connection_params
    raise ImproperlyConfigured(
django.core.exceptions.ImproperlyConfigured: settings.DATABASES is improperly configured. Please supply the NAME or OPTIONS['service'] value.
"GET /products/ HTTP/1.1" 500 161664
File C:\Users\KIIT\anaconda3\Lib\site-packages\django\db\models\sql\compiler.py first seen with mtime 1726758996.790222
File C:\Users\KIIT\anaconda3\Lib\site-packages\django\conf\locale\en\__init__.py first seen with mtime 1726758990.8532434
File C:\Users\KIIT\anaconda3\Lib\site-packages\django\conf\locale\en\formats.py first seen with mtime 1726758990.8532434
